Discrepancy Report Results

Summary
FATAL: MISSING_PROTEIN_ID:63 proteins have invalid IDs.
DISC_SOURCE_QUALS_ASNDISC:strain (all present, all unique)
DISC_SOURCE_QUALS_ASNDISC:taxname (all present, all unique)
DISC_FEATURE_COUNT:CDS: 63 present
DISC_COUNT_NUCLEOTIDES:1 nucleotide Bioseqs are present
FEATURE_LOCATION_CONFLICT:63 features have inconsistent gene locations.
DISC_QUALITY_SCORES:Quality scores are missing on all sequences.
ONCALLER_COMMENT_PRESENT:1 comment descriptors were found (all same)
SHORT_PROT_SEQUENCES:2 protein sequences are shorter than 50 aa.
MISSING_GENOMEASSEMBLY_COMMENTS:1 bioseqs are missing GenomeAssembly structured comments
MOLTYPE_NOT_MRNA:1 molecule types are not set as mRNA.
TECHNIQUE_NOT_TSA:1 technique are not set as TSA
MISSING_STRUCTURED_COMMENT:1 sequences do not include structured comments.
MISSING_PROJECT:64 sequences do not include project.
DISC_INCONSISTENT_MOLINFO_TECH:Molinfo Technique Report (some missing, all same)


Detailed Report

FATAL: DiscRep_ALL:MISSING_PROTEIN_ID::63 proteins have invalid IDs.
data/Annotations/A_baumannii/NZ_AP025271/PROKKA_01242023:NZ_AP025271.1_1 (length 310)
data/Annotations/A_baumannii/NZ_AP025271/PROKKA_01242023:NZ_AP025271.1_2 (length 542)
data/Annotations/A_baumannii/NZ_AP025271/PROKKA_01242023:NZ_AP025271.1_3 (length 501)
data/Annotations/A_baumannii/NZ_AP025271/PROKKA_01242023:NZ_AP025271.1_4 (length 66)
data/Annotations/A_baumannii/NZ_AP025271/PROKKA_01242023:NZ_AP025271.1_5 (length 273)
data/Annotations/A_baumannii/NZ_AP025271/PROKKA_01242023:NZ_AP025271.1_6 (length 136)
data/Annotations/A_baumannii/NZ_AP025271/PROKKA_01242023:NZ_AP025271.1_7 (length 471)
data/Annotations/A_baumannii/NZ_AP025271/PROKKA_01242023:NZ_AP025271.1_8 (length 86)
data/Annotations/A_baumannii/NZ_AP025271/PROKKA_01242023:NZ_AP025271.1_9 (length 94)
data/Annotations/A_baumannii/NZ_AP025271/PROKKA_01242023:NZ_AP025271.1_10 (length 32)
data/Annotations/A_baumannii/NZ_AP025271/PROKKA_01242023:NZ_AP025271.1_11 (length 63)
data/Annotations/A_baumannii/NZ_AP025271/PROKKA_01242023:NZ_AP025271.1_12 (length 64)
data/Annotations/A_baumannii/NZ_AP025271/PROKKA_01242023:NZ_AP025271.1_13 (length 68)
data/Annotations/A_baumannii/NZ_AP025271/PROKKA_01242023:NZ_AP025271.1_14 (length 94)
data/Annotations/A_baumannii/NZ_AP025271/PROKKA_01242023:NZ_AP025271.1_15 (length 206)
data/Annotations/A_baumannii/NZ_AP025271/PROKKA_01242023:NZ_AP025271.1_16 (length 76)
data/Annotations/A_baumannii/NZ_AP025271/PROKKA_01242023:NZ_AP025271.1_17 (length 113)
data/Annotations/A_baumannii/NZ_AP025271/PROKKA_01242023:NZ_AP025271.1_18 (length 312)
data/Annotations/A_baumannii/NZ_AP025271/PROKKA_01242023:NZ_AP025271.1_19 (length 200)
data/Annotations/A_baumannii/NZ_AP025271/PROKKA_01242023:NZ_AP025271.1_20 (length 88)
data/Annotations/A_baumannii/NZ_AP025271/PROKKA_01242023:NZ_AP025271.1_21 (length 91)
data/Annotations/A_baumannii/NZ_AP025271/PROKKA_01242023:NZ_AP025271.1_22 (length 339)
data/Annotations/A_baumannii/NZ_AP025271/PROKKA_01242023:NZ_AP025271.1_23 (length 108)
data/Annotations/A_baumannii/NZ_AP025271/PROKKA_01242023:NZ_AP025271.1_24 (length 381)
data/Annotations/A_baumannii/NZ_AP025271/PROKKA_01242023:NZ_AP025271.1_25 (length 527)
data/Annotations/A_baumannii/NZ_AP025271/PROKKA_01242023:NZ_AP025271.1_26 (length 564)
data/Annotations/A_baumannii/NZ_AP025271/PROKKA_01242023:NZ_AP025271.1_27 (length 430)
data/Annotations/A_baumannii/NZ_AP025271/PROKKA_01242023:NZ_AP025271.1_28 (length 473)
data/Annotations/A_baumannii/NZ_AP025271/PROKKA_01242023:NZ_AP025271.1_29 (length 198)
data/Annotations/A_baumannii/NZ_AP025271/PROKKA_01242023:NZ_AP025271.1_30 (length 109)
data/Annotations/A_baumannii/NZ_AP025271/PROKKA_01242023:NZ_AP025271.1_31 (length 1662)
data/Annotations/A_baumannii/NZ_AP025271/PROKKA_01242023:NZ_AP025271.1_32 (length 78)
data/Annotations/A_baumannii/NZ_AP025271/PROKKA_01242023:NZ_AP025271.1_33 (length 492)
data/Annotations/A_baumannii/NZ_AP025271/PROKKA_01242023:NZ_AP025271.1_34 (length 388)
data/Annotations/A_baumannii/NZ_AP025271/PROKKA_01242023:NZ_AP025271.1_35 (length 245)
data/Annotations/A_baumannii/NZ_AP025271/PROKKA_01242023:NZ_AP025271.1_36 (length 333)
data/Annotations/A_baumannii/NZ_AP025271/PROKKA_01242023:NZ_AP025271.1_37 (length 232)
data/Annotations/A_baumannii/NZ_AP025271/PROKKA_01242023:NZ_AP025271.1_38 (length 336)
data/Annotations/A_baumannii/NZ_AP025271/PROKKA_01242023:NZ_AP025271.1_39 (length 90)
data/Annotations/A_baumannii/NZ_AP025271/PROKKA_01242023:NZ_AP025271.1_40 (length 58)
data/Annotations/A_baumannii/NZ_AP025271/PROKKA_01242023:NZ_AP025271.1_41 (length 108)
data/Annotations/A_baumannii/NZ_AP025271/PROKKA_01242023:NZ_AP025271.1_42 (length 188)
data/Annotations/A_baumannii/NZ_AP025271/PROKKA_01242023:NZ_AP025271.1_43 (length 222)
data/Annotations/A_baumannii/NZ_AP025271/PROKKA_01242023:NZ_AP025271.1_44 (length 602)
data/Annotations/A_baumannii/NZ_AP025271/PROKKA_01242023:NZ_AP025271.1_45 (length 587)
data/Annotations/A_baumannii/NZ_AP025271/PROKKA_01242023:NZ_AP025271.1_46 (length 206)
data/Annotations/A_baumannii/NZ_AP025271/PROKKA_01242023:NZ_AP025271.1_47 (length 109)
data/Annotations/A_baumannii/NZ_AP025271/PROKKA_01242023:NZ_AP025271.1_48 (length 118)
data/Annotations/A_baumannii/NZ_AP025271/PROKKA_01242023:NZ_AP025271.1_49 (length 61)
data/Annotations/A_baumannii/NZ_AP025271/PROKKA_01242023:NZ_AP025271.1_50 (length 127)
data/Annotations/A_baumannii/NZ_AP025271/PROKKA_01242023:NZ_AP025271.1_51 (length 177)
data/Annotations/A_baumannii/NZ_AP025271/PROKKA_01242023:NZ_AP025271.1_52 (length 377)
data/Annotations/A_baumannii/NZ_AP025271/PROKKA_01242023:NZ_AP025271.1_53 (length 90)
data/Annotations/A_baumannii/NZ_AP025271/PROKKA_01242023:NZ_AP025271.1_54 (length 82)
data/Annotations/A_baumannii/NZ_AP025271/PROKKA_01242023:NZ_AP025271.1_55 (length 324)
data/Annotations/A_baumannii/NZ_AP025271/PROKKA_01242023:NZ_AP025271.1_56 (length 79)
data/Annotations/A_baumannii/NZ_AP025271/PROKKA_01242023:NZ_AP025271.1_57 (length 80)
data/Annotations/A_baumannii/NZ_AP025271/PROKKA_01242023:NZ_AP025271.1_58 (length 150)
data/Annotations/A_baumannii/NZ_AP025271/PROKKA_01242023:NZ_AP025271.1_59 (length 46)
data/Annotations/A_baumannii/NZ_AP025271/PROKKA_01242023:NZ_AP025271.1_60 (length 97)
data/Annotations/A_baumannii/NZ_AP025271/PROKKA_01242023:NZ_AP025271.1_61 (length 241)
data/Annotations/A_baumannii/NZ_AP025271/PROKKA_01242023:NZ_AP025271.1_62 (length 71)
data/Annotations/A_baumannii/NZ_AP025271/PROKKA_01242023:NZ_AP025271.1_63 (length 114)

DiscRep_ALL:DISC_SOURCE_QUALS_ASNDISC::strain (all present, all unique)
DiscRep_SUB:DISC_SOURCE_QUALS_ASNDISC::1 sources have unique values for strain
DiscRep_ALL:DISC_SOURCE_QUALS_ASNDISC::taxname (all present, all unique)
DiscRep_SUB:DISC_SOURCE_QUALS_ASNDISC::1 sources have unique values for taxname
DiscRep_ALL:DISC_FEATURE_COUNT::CDS: 63 present
DiscRep_ALL:DISC_COUNT_NUCLEOTIDES::1 nucleotide Bioseqs are present
data/Annotations/A_baumannii/NZ_AP025271/PROKKA_01242023:NZ_AP025271.1 (length 64595)

DiscRep_ALL:FEATURE_LOCATION_CONFLICT::63 features have inconsistent gene locations.
DiscRep_SUB:FEATURE_LOCATION_CONFLICT::Coding region xref gene does not exist
data/Annotations/A_baumannii/NZ_AP025271/PROKKA_01242023:CDS	hypothetical protein	NZ_AP025271.1:c1394-462	HJDKBCLM_00001

DiscRep_SUB:FEATURE_LOCATION_CONFLICT::Coding region xref gene does not exist
data/Annotations/A_baumannii/NZ_AP025271/PROKKA_01242023:CDS	Dipeptide-binding protein DppE	NZ_AP025271.1:c3049-1421	HJDKBCLM_00002

DiscRep_SUB:FEATURE_LOCATION_CONFLICT::Coding region xref gene does not exist
data/Annotations/A_baumannii/NZ_AP025271/PROKKA_01242023:CDS	hypothetical protein	NZ_AP025271.1:c4707-3202	HJDKBCLM_00003

DiscRep_SUB:FEATURE_LOCATION_CONFLICT::Coding region xref gene does not exist
data/Annotations/A_baumannii/NZ_AP025271/PROKKA_01242023:CDS	hypothetical protein	NZ_AP025271.1:c5105-4905	HJDKBCLM_00004

DiscRep_SUB:FEATURE_LOCATION_CONFLICT::Coding region xref gene does not exist
data/Annotations/A_baumannii/NZ_AP025271/PROKKA_01242023:CDS	Sporulation initiation inhibitor protein Soj	NZ_AP025271.1:5516-6337	HJDKBCLM_00005

DiscRep_SUB:FEATURE_LOCATION_CONFLICT::Coding region xref gene does not exist
data/Annotations/A_baumannii/NZ_AP025271/PROKKA_01242023:CDS	hypothetical protein	NZ_AP025271.1:6341-6751	HJDKBCLM_00006

DiscRep_SUB:FEATURE_LOCATION_CONFLICT::Coding region xref gene does not exist
data/Annotations/A_baumannii/NZ_AP025271/PROKKA_01242023:CDS	DNA polymerase IV	NZ_AP025271.1:c8302-6887	HJDKBCLM_00007

DiscRep_SUB:FEATURE_LOCATION_CONFLICT::Coding region xref gene does not exist
data/Annotations/A_baumannii/NZ_AP025271/PROKKA_01242023:CDS	hypothetical protein	NZ_AP025271.1:c8707-8447	HJDKBCLM_00008

DiscRep_SUB:FEATURE_LOCATION_CONFLICT::Coding region xref gene does not exist
data/Annotations/A_baumannii/NZ_AP025271/PROKKA_01242023:CDS	hypothetical protein	NZ_AP025271.1:c9016-8732	HJDKBCLM_00009

DiscRep_SUB:FEATURE_LOCATION_CONFLICT::Coding region xref gene does not exist
data/Annotations/A_baumannii/NZ_AP025271/PROKKA_01242023:CDS	hypothetical protein	NZ_AP025271.1:c9248-9150	HJDKBCLM_00010

DiscRep_SUB:FEATURE_LOCATION_CONFLICT::Coding region xref gene does not exist
data/Annotations/A_baumannii/NZ_AP025271/PROKKA_01242023:CDS	hypothetical protein	NZ_AP025271.1:c9609-9418	HJDKBCLM_00011

DiscRep_SUB:FEATURE_LOCATION_CONFLICT::Coding region xref gene does not exist
data/Annotations/A_baumannii/NZ_AP025271/PROKKA_01242023:CDS	hypothetical protein	NZ_AP025271.1:c9815-9621	HJDKBCLM_00012

DiscRep_SUB:FEATURE_LOCATION_CONFLICT::Coding region xref gene does not exist
data/Annotations/A_baumannii/NZ_AP025271/PROKKA_01242023:CDS	hypothetical protein	NZ_AP025271.1:c10181-9975	HJDKBCLM_00013

DiscRep_SUB:FEATURE_LOCATION_CONFLICT::Coding region xref gene does not exist
data/Annotations/A_baumannii/NZ_AP025271/PROKKA_01242023:CDS	hypothetical protein	NZ_AP025271.1:c10467-10183	HJDKBCLM_00014

DiscRep_SUB:FEATURE_LOCATION_CONFLICT::Coding region xref gene does not exist
data/Annotations/A_baumannii/NZ_AP025271/PROKKA_01242023:CDS	Transposon gamma-delta resolvase	NZ_AP025271.1:c11104-10484	HJDKBCLM_00015

DiscRep_SUB:FEATURE_LOCATION_CONFLICT::Coding region xref gene does not exist
data/Annotations/A_baumannii/NZ_AP025271/PROKKA_01242023:CDS	hypothetical protein	NZ_AP025271.1:11308-11538	HJDKBCLM_00016

DiscRep_SUB:FEATURE_LOCATION_CONFLICT::Coding region xref gene does not exist
data/Annotations/A_baumannii/NZ_AP025271/PROKKA_01242023:CDS	Endoribonuclease MazF	NZ_AP025271.1:11538-11879	HJDKBCLM_00017

DiscRep_SUB:FEATURE_LOCATION_CONFLICT::Coding region xref gene does not exist
data/Annotations/A_baumannii/NZ_AP025271/PROKKA_01242023:CDS	hypothetical protein	NZ_AP025271.1:11991-12929	HJDKBCLM_00018

DiscRep_SUB:FEATURE_LOCATION_CONFLICT::Coding region xref gene does not exist
data/Annotations/A_baumannii/NZ_AP025271/PROKKA_01242023:CDS	Adenosine monophosphate-protein transferase NmFic	NZ_AP025271.1:13197-13799	HJDKBCLM_00019

DiscRep_SUB:FEATURE_LOCATION_CONFLICT::Coding region xref gene does not exist
data/Annotations/A_baumannii/NZ_AP025271/PROKKA_01242023:CDS	Antitoxin DinJ	NZ_AP025271.1:14551-14817	HJDKBCLM_00020

DiscRep_SUB:FEATURE_LOCATION_CONFLICT::Coding region xref gene does not exist
data/Annotations/A_baumannii/NZ_AP025271/PROKKA_01242023:CDS	mRNA interferase YafQ	NZ_AP025271.1:14810-15085	HJDKBCLM_00021

DiscRep_SUB:FEATURE_LOCATION_CONFLICT::Coding region xref gene does not exist
data/Annotations/A_baumannii/NZ_AP025271/PROKKA_01242023:CDS	hypothetical protein	NZ_AP025271.1:c16707-15688	HJDKBCLM_00022

DiscRep_SUB:FEATURE_LOCATION_CONFLICT::Coding region xref gene does not exist
data/Annotations/A_baumannii/NZ_AP025271/PROKKA_01242023:CDS	Putative regulatory protein PrgT	NZ_AP025271.1:c17913-17587	HJDKBCLM_00023

DiscRep_SUB:FEATURE_LOCATION_CONFLICT::Coding region xref gene does not exist
data/Annotations/A_baumannii/NZ_AP025271/PROKKA_01242023:CDS	hypothetical protein	NZ_AP025271.1:c19291-18146	HJDKBCLM_00024

DiscRep_SUB:FEATURE_LOCATION_CONFLICT::Coding region xref gene does not exist
data/Annotations/A_baumannii/NZ_AP025271/PROKKA_01242023:CDS	Internalin-J	NZ_AP025271.1:c21480-19897	HJDKBCLM_00025

DiscRep_SUB:FEATURE_LOCATION_CONFLICT::Coding region xref gene does not exist
data/Annotations/A_baumannii/NZ_AP025271/PROKKA_01242023:CDS	Immunoglobulin G-binding protein A	NZ_AP025271.1:c23737-22043	HJDKBCLM_00026

DiscRep_SUB:FEATURE_LOCATION_CONFLICT::Coding region xref gene does not exist
data/Annotations/A_baumannii/NZ_AP025271/PROKKA_01242023:CDS	Extracellular matrix-binding protein ebh	NZ_AP025271.1:c25026-23734	HJDKBCLM_00027

DiscRep_SUB:FEATURE_LOCATION_CONFLICT::Coding region xref gene does not exist
data/Annotations/A_baumannii/NZ_AP025271/PROKKA_01242023:CDS	hypothetical protein	NZ_AP025271.1:25420-26841	HJDKBCLM_00028

DiscRep_SUB:FEATURE_LOCATION_CONFLICT::Coding region xref gene does not exist
data/Annotations/A_baumannii/NZ_AP025271/PROKKA_01242023:CDS	DNA-invertase hin	NZ_AP025271.1:26838-27434	HJDKBCLM_00029

DiscRep_SUB:FEATURE_LOCATION_CONFLICT::Coding region xref gene does not exist
data/Annotations/A_baumannii/NZ_AP025271/PROKKA_01242023:CDS	Putative regulatory protein PrgT	NZ_AP025271.1:c28890-28561	HJDKBCLM_00030

DiscRep_SUB:FEATURE_LOCATION_CONFLICT::Coding region xref gene does not exist
data/Annotations/A_baumannii/NZ_AP025271/PROKKA_01242023:CDS	Extracellular matrix-binding protein ebh	NZ_AP025271.1:c34183-29195	HJDKBCLM_00031

DiscRep_SUB:FEATURE_LOCATION_CONFLICT::Coding region xref gene does not exist
data/Annotations/A_baumannii/NZ_AP025271/PROKKA_01242023:CDS	HTH-type transcriptional regulator Xre	NZ_AP025271.1:c34478-34242	HJDKBCLM_00032

DiscRep_SUB:FEATURE_LOCATION_CONFLICT::Coding region xref gene does not exist
data/Annotations/A_baumannii/NZ_AP025271/PROKKA_01242023:CDS	N-acetylmuramoyl-L-alanine amidase domain-containing protein	NZ_AP025271.1:c36846-35368	HJDKBCLM_00033

DiscRep_SUB:FEATURE_LOCATION_CONFLICT::Coding region xref gene does not exist
data/Annotations/A_baumannii/NZ_AP025271/PROKKA_01242023:CDS	Putative penicillin-binding protein PbpX	NZ_AP025271.1:c38346-37180	HJDKBCLM_00034

DiscRep_SUB:FEATURE_LOCATION_CONFLICT::Coding region xref gene does not exist
data/Annotations/A_baumannii/NZ_AP025271/PROKKA_01242023:CDS	hypothetical protein	NZ_AP025271.1:c40055-39318	HJDKBCLM_00035

DiscRep_SUB:FEATURE_LOCATION_CONFLICT::Coding region xref gene does not exist
data/Annotations/A_baumannii/NZ_AP025271/PROKKA_01242023:CDS	hypothetical protein	NZ_AP025271.1:c41131-40130	HJDKBCLM_00036

DiscRep_SUB:FEATURE_LOCATION_CONFLICT::Coding region xref gene does not exist
data/Annotations/A_baumannii/NZ_AP025271/PROKKA_01242023:CDS	hypothetical protein	NZ_AP025271.1:c41909-41211	HJDKBCLM_00037

DiscRep_SUB:FEATURE_LOCATION_CONFLICT::Coding region xref gene does not exist
data/Annotations/A_baumannii/NZ_AP025271/PROKKA_01242023:CDS	hypothetical protein	NZ_AP025271.1:c42943-41933	HJDKBCLM_00038

DiscRep_SUB:FEATURE_LOCATION_CONFLICT::Coding region xref gene does not exist
data/Annotations/A_baumannii/NZ_AP025271/PROKKA_01242023:CDS	hypothetical protein	NZ_AP025271.1:c43288-43016	HJDKBCLM_00039

DiscRep_SUB:FEATURE_LOCATION_CONFLICT::Coding region xref gene does not exist
data/Annotations/A_baumannii/NZ_AP025271/PROKKA_01242023:CDS	hypothetical protein	NZ_AP025271.1:c43498-43322	HJDKBCLM_00040

DiscRep_SUB:FEATURE_LOCATION_CONFLICT::Coding region xref gene does not exist
data/Annotations/A_baumannii/NZ_AP025271/PROKKA_01242023:CDS	Putative regulatory protein PrgT	NZ_AP025271.1:c43825-43499	HJDKBCLM_00041

DiscRep_SUB:FEATURE_LOCATION_CONFLICT::Coding region xref gene does not exist
data/Annotations/A_baumannii/NZ_AP025271/PROKKA_01242023:CDS	hypothetical protein	NZ_AP025271.1:c44496-43930	HJDKBCLM_00042

DiscRep_SUB:FEATURE_LOCATION_CONFLICT::Coding region xref gene does not exist
data/Annotations/A_baumannii/NZ_AP025271/PROKKA_01242023:CDS	hypothetical protein	NZ_AP025271.1:c45234-44566	HJDKBCLM_00043

DiscRep_SUB:FEATURE_LOCATION_CONFLICT::Coding region xref gene does not exist
data/Annotations/A_baumannii/NZ_AP025271/PROKKA_01242023:CDS	Internalin B	NZ_AP025271.1:c47029-45221	HJDKBCLM_00044

DiscRep_SUB:FEATURE_LOCATION_CONFLICT::Coding region xref gene does not exist
data/Annotations/A_baumannii/NZ_AP025271/PROKKA_01242023:CDS	Internalin-A	NZ_AP025271.1:c48924-47161	HJDKBCLM_00045

DiscRep_SUB:FEATURE_LOCATION_CONFLICT::Coding region xref gene does not exist
data/Annotations/A_baumannii/NZ_AP025271/PROKKA_01242023:CDS	Tyrosine recombinase XerD	NZ_AP025271.1:c49916-49296	HJDKBCLM_00046

DiscRep_SUB:FEATURE_LOCATION_CONFLICT::Coding region xref gene does not exist
data/Annotations/A_baumannii/NZ_AP025271/PROKKA_01242023:CDS	hypothetical protein	NZ_AP025271.1:c50597-50268	HJDKBCLM_00047

DiscRep_SUB:FEATURE_LOCATION_CONFLICT::Coding region xref gene does not exist
data/Annotations/A_baumannii/NZ_AP025271/PROKKA_01242023:CDS	hypothetical protein	NZ_AP025271.1:c51756-51400	HJDKBCLM_00048

DiscRep_SUB:FEATURE_LOCATION_CONFLICT::Coding region xref gene does not exist
data/Annotations/A_baumannii/NZ_AP025271/PROKKA_01242023:CDS	hypothetical protein	NZ_AP025271.1:53628-53813	HJDKBCLM_00049

DiscRep_SUB:FEATURE_LOCATION_CONFLICT::Coding region xref gene does not exist
data/Annotations/A_baumannii/NZ_AP025271/PROKKA_01242023:CDS	hypothetical protein	NZ_AP025271.1:53930-54313	HJDKBCLM_00050

DiscRep_SUB:FEATURE_LOCATION_CONFLICT::Coding region xref gene does not exist
data/Annotations/A_baumannii/NZ_AP025271/PROKKA_01242023:CDS	hypothetical protein	NZ_AP025271.1:55052-55585	HJDKBCLM_00051

DiscRep_SUB:FEATURE_LOCATION_CONFLICT::Coding region xref gene does not exist
data/Annotations/A_baumannii/NZ_AP025271/PROKKA_01242023:CDS	putative lipoprotein YcdA	NZ_AP025271.1:56349-57482	HJDKBCLM_00052

DiscRep_SUB:FEATURE_LOCATION_CONFLICT::Coding region xref gene does not exist
data/Annotations/A_baumannii/NZ_AP025271/PROKKA_01242023:CDS	hypothetical protein	NZ_AP025271.1:c58251-57979	HJDKBCLM_00053

DiscRep_SUB:FEATURE_LOCATION_CONFLICT::Coding region xref gene does not exist
data/Annotations/A_baumannii/NZ_AP025271/PROKKA_01242023:CDS	hypothetical protein	NZ_AP025271.1:c59026-58778	HJDKBCLM_00054

DiscRep_SUB:FEATURE_LOCATION_CONFLICT::Coding region xref gene does not exist
data/Annotations/A_baumannii/NZ_AP025271/PROKKA_01242023:CDS	Choloylglycine hydrolase	NZ_AP025271.1:c60225-59251	HJDKBCLM_00055

DiscRep_SUB:FEATURE_LOCATION_CONFLICT::Coding region xref gene does not exist
data/Annotations/A_baumannii/NZ_AP025271/PROKKA_01242023:CDS	hypothetical protein	NZ_AP025271.1:c60672-60433	HJDKBCLM_00056

DiscRep_SUB:FEATURE_LOCATION_CONFLICT::Coding region xref gene does not exist
data/Annotations/A_baumannii/NZ_AP025271/PROKKA_01242023:CDS	hypothetical protein	NZ_AP025271.1:c60871-60629	HJDKBCLM_00057

DiscRep_SUB:FEATURE_LOCATION_CONFLICT::Coding region xref gene does not exist
data/Annotations/A_baumannii/NZ_AP025271/PROKKA_01242023:CDS	Single-stranded DNA-binding protein	NZ_AP025271.1:c61370-60918	HJDKBCLM_00058

DiscRep_SUB:FEATURE_LOCATION_CONFLICT::Coding region xref gene does not exist
data/Annotations/A_baumannii/NZ_AP025271/PROKKA_01242023:CDS	hypothetical protein	NZ_AP025271.1:c61556-61416	HJDKBCLM_00059

DiscRep_SUB:FEATURE_LOCATION_CONFLICT::Coding region xref gene does not exist
data/Annotations/A_baumannii/NZ_AP025271/PROKKA_01242023:CDS	hypothetical protein	NZ_AP025271.1:61730-62023	HJDKBCLM_00060

DiscRep_SUB:FEATURE_LOCATION_CONFLICT::Coding region xref gene does not exist
data/Annotations/A_baumannii/NZ_AP025271/PROKKA_01242023:CDS	hypothetical protein	NZ_AP025271.1:62161-62886	HJDKBCLM_00061

DiscRep_SUB:FEATURE_LOCATION_CONFLICT::Coding region xref gene does not exist
data/Annotations/A_baumannii/NZ_AP025271/PROKKA_01242023:CDS	hypothetical protein	NZ_AP025271.1:c63136-62921	HJDKBCLM_00062

DiscRep_SUB:FEATURE_LOCATION_CONFLICT::Coding region xref gene does not exist
data/Annotations/A_baumannii/NZ_AP025271/PROKKA_01242023:CDS	hypothetical protein	NZ_AP025271.1:c64334-63990	HJDKBCLM_00063

DiscRep_ALL:DISC_QUALITY_SCORES::Quality scores are missing on all sequences.

DiscRep_ALL:ONCALLER_COMMENT_PRESENT::1 comment descriptors were found (all same)
data/Annotations/A_baumannii/NZ_AP025271/PROKKA_01242023:NZ_AP025271.1:Annotated using prokka 1.12 from https://github.com/tseemann/prokka

DiscRep_ALL:SHORT_PROT_SEQUENCES::2 protein sequences are shorter than 50 aa.
data/Annotations/A_baumannii/NZ_AP025271/PROKKA_01242023:NZ_AP025271.1_10 (length 32)
data/Annotations/A_baumannii/NZ_AP025271/PROKKA_01242023:NZ_AP025271.1_59 (length 46)

DiscRep_ALL:MISSING_GENOMEASSEMBLY_COMMENTS::1 bioseqs are missing GenomeAssembly structured comments
data/Annotations/A_baumannii/NZ_AP025271/PROKKA_01242023:NZ_AP025271.1 (length 64595)

DiscRep_ALL:MOLTYPE_NOT_MRNA::1 molecule types are not set as mRNA.
data/Annotations/A_baumannii/NZ_AP025271/PROKKA_01242023:NZ_AP025271.1 (length 64595)

DiscRep_ALL:TECHNIQUE_NOT_TSA::1 technique are not set as TSA
data/Annotations/A_baumannii/NZ_AP025271/PROKKA_01242023:NZ_AP025271.1 (length 64595)

DiscRep_ALL:MISSING_STRUCTURED_COMMENT::1 sequences do not include structured comments.
data/Annotations/A_baumannii/NZ_AP025271/PROKKA_01242023:NZ_AP025271.1 (length 64595)

DiscRep_ALL:MISSING_PROJECT::64 sequences do not include project.
data/Annotations/A_baumannii/NZ_AP025271/PROKKA_01242023:NZ_AP025271.1 (length 64595)
data/Annotations/A_baumannii/NZ_AP025271/PROKKA_01242023:NZ_AP025271.1_1 (length 310)
data/Annotations/A_baumannii/NZ_AP025271/PROKKA_01242023:NZ_AP025271.1_2 (length 542)
data/Annotations/A_baumannii/NZ_AP025271/PROKKA_01242023:NZ_AP025271.1_3 (length 501)
data/Annotations/A_baumannii/NZ_AP025271/PROKKA_01242023:NZ_AP025271.1_4 (length 66)
data/Annotations/A_baumannii/NZ_AP025271/PROKKA_01242023:NZ_AP025271.1_5 (length 273)
data/Annotations/A_baumannii/NZ_AP025271/PROKKA_01242023:NZ_AP025271.1_6 (length 136)
data/Annotations/A_baumannii/NZ_AP025271/PROKKA_01242023:NZ_AP025271.1_7 (length 471)
data/Annotations/A_baumannii/NZ_AP025271/PROKKA_01242023:NZ_AP025271.1_8 (length 86)
data/Annotations/A_baumannii/NZ_AP025271/PROKKA_01242023:NZ_AP025271.1_9 (length 94)
data/Annotations/A_baumannii/NZ_AP025271/PROKKA_01242023:NZ_AP025271.1_10 (length 32)
data/Annotations/A_baumannii/NZ_AP025271/PROKKA_01242023:NZ_AP025271.1_11 (length 63)
data/Annotations/A_baumannii/NZ_AP025271/PROKKA_01242023:NZ_AP025271.1_12 (length 64)
data/Annotations/A_baumannii/NZ_AP025271/PROKKA_01242023:NZ_AP025271.1_13 (length 68)
data/Annotations/A_baumannii/NZ_AP025271/PROKKA_01242023:NZ_AP025271.1_14 (length 94)
data/Annotations/A_baumannii/NZ_AP025271/PROKKA_01242023:NZ_AP025271.1_15 (length 206)
data/Annotations/A_baumannii/NZ_AP025271/PROKKA_01242023:NZ_AP025271.1_16 (length 76)
data/Annotations/A_baumannii/NZ_AP025271/PROKKA_01242023:NZ_AP025271.1_17 (length 113)
data/Annotations/A_baumannii/NZ_AP025271/PROKKA_01242023:NZ_AP025271.1_18 (length 312)
data/Annotations/A_baumannii/NZ_AP025271/PROKKA_01242023:NZ_AP025271.1_19 (length 200)
data/Annotations/A_baumannii/NZ_AP025271/PROKKA_01242023:NZ_AP025271.1_20 (length 88)
data/Annotations/A_baumannii/NZ_AP025271/PROKKA_01242023:NZ_AP025271.1_21 (length 91)
data/Annotations/A_baumannii/NZ_AP025271/PROKKA_01242023:NZ_AP025271.1_22 (length 339)
data/Annotations/A_baumannii/NZ_AP025271/PROKKA_01242023:NZ_AP025271.1_23 (length 108)
data/Annotations/A_baumannii/NZ_AP025271/PROKKA_01242023:NZ_AP025271.1_24 (length 381)
data/Annotations/A_baumannii/NZ_AP025271/PROKKA_01242023:NZ_AP025271.1_25 (length 527)
data/Annotations/A_baumannii/NZ_AP025271/PROKKA_01242023:NZ_AP025271.1_26 (length 564)
data/Annotations/A_baumannii/NZ_AP025271/PROKKA_01242023:NZ_AP025271.1_27 (length 430)
data/Annotations/A_baumannii/NZ_AP025271/PROKKA_01242023:NZ_AP025271.1_28 (length 473)
data/Annotations/A_baumannii/NZ_AP025271/PROKKA_01242023:NZ_AP025271.1_29 (length 198)
data/Annotations/A_baumannii/NZ_AP025271/PROKKA_01242023:NZ_AP025271.1_30 (length 109)
data/Annotations/A_baumannii/NZ_AP025271/PROKKA_01242023:NZ_AP025271.1_31 (length 1662)
data/Annotations/A_baumannii/NZ_AP025271/PROKKA_01242023:NZ_AP025271.1_32 (length 78)
data/Annotations/A_baumannii/NZ_AP025271/PROKKA_01242023:NZ_AP025271.1_33 (length 492)
data/Annotations/A_baumannii/NZ_AP025271/PROKKA_01242023:NZ_AP025271.1_34 (length 388)
data/Annotations/A_baumannii/NZ_AP025271/PROKKA_01242023:NZ_AP025271.1_35 (length 245)
data/Annotations/A_baumannii/NZ_AP025271/PROKKA_01242023:NZ_AP025271.1_36 (length 333)
data/Annotations/A_baumannii/NZ_AP025271/PROKKA_01242023:NZ_AP025271.1_37 (length 232)
data/Annotations/A_baumannii/NZ_AP025271/PROKKA_01242023:NZ_AP025271.1_38 (length 336)
data/Annotations/A_baumannii/NZ_AP025271/PROKKA_01242023:NZ_AP025271.1_39 (length 90)
data/Annotations/A_baumannii/NZ_AP025271/PROKKA_01242023:NZ_AP025271.1_40 (length 58)
data/Annotations/A_baumannii/NZ_AP025271/PROKKA_01242023:NZ_AP025271.1_41 (length 108)
data/Annotations/A_baumannii/NZ_AP025271/PROKKA_01242023:NZ_AP025271.1_42 (length 188)
data/Annotations/A_baumannii/NZ_AP025271/PROKKA_01242023:NZ_AP025271.1_43 (length 222)
data/Annotations/A_baumannii/NZ_AP025271/PROKKA_01242023:NZ_AP025271.1_44 (length 602)
data/Annotations/A_baumannii/NZ_AP025271/PROKKA_01242023:NZ_AP025271.1_45 (length 587)
data/Annotations/A_baumannii/NZ_AP025271/PROKKA_01242023:NZ_AP025271.1_46 (length 206)
data/Annotations/A_baumannii/NZ_AP025271/PROKKA_01242023:NZ_AP025271.1_47 (length 109)
data/Annotations/A_baumannii/NZ_AP025271/PROKKA_01242023:NZ_AP025271.1_48 (length 118)
data/Annotations/A_baumannii/NZ_AP025271/PROKKA_01242023:NZ_AP025271.1_49 (length 61)
data/Annotations/A_baumannii/NZ_AP025271/PROKKA_01242023:NZ_AP025271.1_50 (length 127)
data/Annotations/A_baumannii/NZ_AP025271/PROKKA_01242023:NZ_AP025271.1_51 (length 177)
data/Annotations/A_baumannii/NZ_AP025271/PROKKA_01242023:NZ_AP025271.1_52 (length 377)
data/Annotations/A_baumannii/NZ_AP025271/PROKKA_01242023:NZ_AP025271.1_53 (length 90)
data/Annotations/A_baumannii/NZ_AP025271/PROKKA_01242023:NZ_AP025271.1_54 (length 82)
data/Annotations/A_baumannii/NZ_AP025271/PROKKA_01242023:NZ_AP025271.1_55 (length 324)
data/Annotations/A_baumannii/NZ_AP025271/PROKKA_01242023:NZ_AP025271.1_56 (length 79)
data/Annotations/A_baumannii/NZ_AP025271/PROKKA_01242023:NZ_AP025271.1_57 (length 80)
data/Annotations/A_baumannii/NZ_AP025271/PROKKA_01242023:NZ_AP025271.1_58 (length 150)
data/Annotations/A_baumannii/NZ_AP025271/PROKKA_01242023:NZ_AP025271.1_59 (length 46)
data/Annotations/A_baumannii/NZ_AP025271/PROKKA_01242023:NZ_AP025271.1_60 (length 97)
data/Annotations/A_baumannii/NZ_AP025271/PROKKA_01242023:NZ_AP025271.1_61 (length 241)
data/Annotations/A_baumannii/NZ_AP025271/PROKKA_01242023:NZ_AP025271.1_62 (length 71)
data/Annotations/A_baumannii/NZ_AP025271/PROKKA_01242023:NZ_AP025271.1_63 (length 114)

DiscRep_ALL:DISC_INCONSISTENT_MOLINFO_TECH::Molinfo Technique Report (some missing, all same)
DiscRep_SUB:DISC_INCONSISTENT_MOLINFO_TECH::technique (all missing)
DiscRep_SUB:DISC_INCONSISTENT_MOLINFO_TECH::1 Molinfos are missing field technique
data/Annotations/A_baumannii/NZ_AP025271/PROKKA_01242023:NZ_AP025271.1 (length 64595)

