Discrepancy Report Results

Summary
FATAL: MISSING_PROTEIN_ID:129 proteins have invalid IDs.
DISC_SOURCE_QUALS_ASNDISC:strain (all present, all unique)
DISC_SOURCE_QUALS_ASNDISC:taxname (all present, all unique)
DISC_FEATURE_COUNT:CDS: 129 present
DISC_COUNT_NUCLEOTIDES:1 nucleotide Bioseqs are present
FEATURE_LOCATION_CONFLICT:129 features have inconsistent gene locations.
DISC_QUALITY_SCORES:Quality scores are missing on all sequences.
ONCALLER_COMMENT_PRESENT:1 comment descriptors were found (all same)
SHORT_PROT_SEQUENCES:3 protein sequences are shorter than 50 aa.
MISSING_GENOMEASSEMBLY_COMMENTS:1 bioseqs are missing GenomeAssembly structured comments
MOLTYPE_NOT_MRNA:1 molecule types are not set as mRNA.
TECHNIQUE_NOT_TSA:1 technique are not set as TSA
MISSING_STRUCTURED_COMMENT:1 sequences do not include structured comments.
MISSING_PROJECT:130 sequences do not include project.
DISC_INCONSISTENT_MOLINFO_TECH:Molinfo Technique Report (some missing, all same)


Detailed Report

FATAL: DiscRep_ALL:MISSING_PROTEIN_ID::129 proteins have invalid IDs.
data/Annotations/E_coli/NZ_CP031384/PROKKA_01242023:NZ_CP031384.1_1 (length 282)
data/Annotations/E_coli/NZ_CP031384/PROKKA_01242023:NZ_CP031384.1_2 (length 246)
data/Annotations/E_coli/NZ_CP031384/PROKKA_01242023:NZ_CP031384.1_3 (length 179)
data/Annotations/E_coli/NZ_CP031384/PROKKA_01242023:NZ_CP031384.1_4 (length 465)
data/Annotations/E_coli/NZ_CP031384/PROKKA_01242023:NZ_CP031384.1_5 (length 370)
data/Annotations/E_coli/NZ_CP031384/PROKKA_01242023:NZ_CP031384.1_6 (length 118)
data/Annotations/E_coli/NZ_CP031384/PROKKA_01242023:NZ_CP031384.1_7 (length 171)
data/Annotations/E_coli/NZ_CP031384/PROKKA_01242023:NZ_CP031384.1_8 (length 140)
data/Annotations/E_coli/NZ_CP031384/PROKKA_01242023:NZ_CP031384.1_9 (length 199)
data/Annotations/E_coli/NZ_CP031384/PROKKA_01242023:NZ_CP031384.1_10 (length 85)
data/Annotations/E_coli/NZ_CP031384/PROKKA_01242023:NZ_CP031384.1_11 (length 467)
data/Annotations/E_coli/NZ_CP031384/PROKKA_01242023:NZ_CP031384.1_12 (length 129)
data/Annotations/E_coli/NZ_CP031384/PROKKA_01242023:NZ_CP031384.1_13 (length 208)
data/Annotations/E_coli/NZ_CP031384/PROKKA_01242023:NZ_CP031384.1_14 (length 204)
data/Annotations/E_coli/NZ_CP031384/PROKKA_01242023:NZ_CP031384.1_15 (length 134)
data/Annotations/E_coli/NZ_CP031384/PROKKA_01242023:NZ_CP031384.1_16 (length 138)
data/Annotations/E_coli/NZ_CP031384/PROKKA_01242023:NZ_CP031384.1_17 (length 225)
data/Annotations/E_coli/NZ_CP031384/PROKKA_01242023:NZ_CP031384.1_18 (length 195)
data/Annotations/E_coli/NZ_CP031384/PROKKA_01242023:NZ_CP031384.1_19 (length 154)
data/Annotations/E_coli/NZ_CP031384/PROKKA_01242023:NZ_CP031384.1_20 (length 66)
data/Annotations/E_coli/NZ_CP031384/PROKKA_01242023:NZ_CP031384.1_21 (length 685)
data/Annotations/E_coli/NZ_CP031384/PROKKA_01242023:NZ_CP031384.1_22 (length 399)
data/Annotations/E_coli/NZ_CP031384/PROKKA_01242023:NZ_CP031384.1_23 (length 227)
data/Annotations/E_coli/NZ_CP031384/PROKKA_01242023:NZ_CP031384.1_24 (length 229)
data/Annotations/E_coli/NZ_CP031384/PROKKA_01242023:NZ_CP031384.1_25 (length 1151)
data/Annotations/E_coli/NZ_CP031384/PROKKA_01242023:NZ_CP031384.1_26 (length 368)
data/Annotations/E_coli/NZ_CP031384/PROKKA_01242023:NZ_CP031384.1_27 (length 295)
data/Annotations/E_coli/NZ_CP031384/PROKKA_01242023:NZ_CP031384.1_28 (length 354)
data/Annotations/E_coli/NZ_CP031384/PROKKA_01242023:NZ_CP031384.1_29 (length 498)
data/Annotations/E_coli/NZ_CP031384/PROKKA_01242023:NZ_CP031384.1_30 (length 117)
data/Annotations/E_coli/NZ_CP031384/PROKKA_01242023:NZ_CP031384.1_31 (length 132)
data/Annotations/E_coli/NZ_CP031384/PROKKA_01242023:NZ_CP031384.1_32 (length 145)
data/Annotations/E_coli/NZ_CP031384/PROKKA_01242023:NZ_CP031384.1_33 (length 172)
data/Annotations/E_coli/NZ_CP031384/PROKKA_01242023:NZ_CP031384.1_34 (length 121)
data/Annotations/E_coli/NZ_CP031384/PROKKA_01242023:NZ_CP031384.1_35 (length 82)
data/Annotations/E_coli/NZ_CP031384/PROKKA_01242023:NZ_CP031384.1_36 (length 132)
data/Annotations/E_coli/NZ_CP031384/PROKKA_01242023:NZ_CP031384.1_37 (length 364)
data/Annotations/E_coli/NZ_CP031384/PROKKA_01242023:NZ_CP031384.1_38 (length 650)
data/Annotations/E_coli/NZ_CP031384/PROKKA_01242023:NZ_CP031384.1_39 (length 210)
data/Annotations/E_coli/NZ_CP031384/PROKKA_01242023:NZ_CP031384.1_40 (length 197)
data/Annotations/E_coli/NZ_CP031384/PROKKA_01242023:NZ_CP031384.1_41 (length 196)
data/Annotations/E_coli/NZ_CP031384/PROKKA_01242023:NZ_CP031384.1_42 (length 106)
data/Annotations/E_coli/NZ_CP031384/PROKKA_01242023:NZ_CP031384.1_43 (length 796)
data/Annotations/E_coli/NZ_CP031384/PROKKA_01242023:NZ_CP031384.1_44 (length 330)
data/Annotations/E_coli/NZ_CP031384/PROKKA_01242023:NZ_CP031384.1_45 (length 139)
data/Annotations/E_coli/NZ_CP031384/PROKKA_01242023:NZ_CP031384.1_46 (length 120)
data/Annotations/E_coli/NZ_CP031384/PROKKA_01242023:NZ_CP031384.1_47 (length 286)
data/Annotations/E_coli/NZ_CP031384/PROKKA_01242023:NZ_CP031384.1_48 (length 97)
data/Annotations/E_coli/NZ_CP031384/PROKKA_01242023:NZ_CP031384.1_49 (length 152)
data/Annotations/E_coli/NZ_CP031384/PROKKA_01242023:NZ_CP031384.1_50 (length 227)
data/Annotations/E_coli/NZ_CP031384/PROKKA_01242023:NZ_CP031384.1_51 (length 67)
data/Annotations/E_coli/NZ_CP031384/PROKKA_01242023:NZ_CP031384.1_52 (length 56)
data/Annotations/E_coli/NZ_CP031384/PROKKA_01242023:NZ_CP031384.1_53 (length 131)
data/Annotations/E_coli/NZ_CP031384/PROKKA_01242023:NZ_CP031384.1_54 (length 62)
data/Annotations/E_coli/NZ_CP031384/PROKKA_01242023:NZ_CP031384.1_55 (length 102)
data/Annotations/E_coli/NZ_CP031384/PROKKA_01242023:NZ_CP031384.1_56 (length 78)
data/Annotations/E_coli/NZ_CP031384/PROKKA_01242023:NZ_CP031384.1_57 (length 67)
data/Annotations/E_coli/NZ_CP031384/PROKKA_01242023:NZ_CP031384.1_58 (length 140)
data/Annotations/E_coli/NZ_CP031384/PROKKA_01242023:NZ_CP031384.1_59 (length 32)
data/Annotations/E_coli/NZ_CP031384/PROKKA_01242023:NZ_CP031384.1_60 (length 91)
data/Annotations/E_coli/NZ_CP031384/PROKKA_01242023:NZ_CP031384.1_61 (length 121)
data/Annotations/E_coli/NZ_CP031384/PROKKA_01242023:NZ_CP031384.1_62 (length 284)
data/Annotations/E_coli/NZ_CP031384/PROKKA_01242023:NZ_CP031384.1_63 (length 163)
data/Annotations/E_coli/NZ_CP031384/PROKKA_01242023:NZ_CP031384.1_64 (length 152)
data/Annotations/E_coli/NZ_CP031384/PROKKA_01242023:NZ_CP031384.1_65 (length 112)
data/Annotations/E_coli/NZ_CP031384/PROKKA_01242023:NZ_CP031384.1_66 (length 238)
data/Annotations/E_coli/NZ_CP031384/PROKKA_01242023:NZ_CP031384.1_67 (length 77)
data/Annotations/E_coli/NZ_CP031384/PROKKA_01242023:NZ_CP031384.1_68 (length 60)
data/Annotations/E_coli/NZ_CP031384/PROKKA_01242023:NZ_CP031384.1_69 (length 273)
data/Annotations/E_coli/NZ_CP031384/PROKKA_01242023:NZ_CP031384.1_70 (length 91)
data/Annotations/E_coli/NZ_CP031384/PROKKA_01242023:NZ_CP031384.1_71 (length 177)
data/Annotations/E_coli/NZ_CP031384/PROKKA_01242023:NZ_CP031384.1_72 (length 83)
data/Annotations/E_coli/NZ_CP031384/PROKKA_01242023:NZ_CP031384.1_73 (length 236)
data/Annotations/E_coli/NZ_CP031384/PROKKA_01242023:NZ_CP031384.1_74 (length 312)
data/Annotations/E_coli/NZ_CP031384/PROKKA_01242023:NZ_CP031384.1_75 (length 128)
data/Annotations/E_coli/NZ_CP031384/PROKKA_01242023:NZ_CP031384.1_76 (length 135)
data/Annotations/E_coli/NZ_CP031384/PROKKA_01242023:NZ_CP031384.1_77 (length 400)
data/Annotations/E_coli/NZ_CP031384/PROKKA_01242023:NZ_CP031384.1_78 (length 198)
data/Annotations/E_coli/NZ_CP031384/PROKKA_01242023:NZ_CP031384.1_79 (length 178)
data/Annotations/E_coli/NZ_CP031384/PROKKA_01242023:NZ_CP031384.1_80 (length 163)
data/Annotations/E_coli/NZ_CP031384/PROKKA_01242023:NZ_CP031384.1_81 (length 29)
data/Annotations/E_coli/NZ_CP031384/PROKKA_01242023:NZ_CP031384.1_82 (length 208)
data/Annotations/E_coli/NZ_CP031384/PROKKA_01242023:NZ_CP031384.1_83 (length 125)
data/Annotations/E_coli/NZ_CP031384/PROKKA_01242023:NZ_CP031384.1_84 (length 210)
data/Annotations/E_coli/NZ_CP031384/PROKKA_01242023:NZ_CP031384.1_85 (length 113)
data/Annotations/E_coli/NZ_CP031384/PROKKA_01242023:NZ_CP031384.1_86 (length 125)
data/Annotations/E_coli/NZ_CP031384/PROKKA_01242023:NZ_CP031384.1_87 (length 180)
data/Annotations/E_coli/NZ_CP031384/PROKKA_01242023:NZ_CP031384.1_88 (length 59)
data/Annotations/E_coli/NZ_CP031384/PROKKA_01242023:NZ_CP031384.1_89 (length 124)
data/Annotations/E_coli/NZ_CP031384/PROKKA_01242023:NZ_CP031384.1_90 (length 121)
data/Annotations/E_coli/NZ_CP031384/PROKKA_01242023:NZ_CP031384.1_91 (length 165)
data/Annotations/E_coli/NZ_CP031384/PROKKA_01242023:NZ_CP031384.1_92 (length 108)
data/Annotations/E_coli/NZ_CP031384/PROKKA_01242023:NZ_CP031384.1_93 (length 233)
data/Annotations/E_coli/NZ_CP031384/PROKKA_01242023:NZ_CP031384.1_94 (length 92)
data/Annotations/E_coli/NZ_CP031384/PROKKA_01242023:NZ_CP031384.1_95 (length 571)
data/Annotations/E_coli/NZ_CP031384/PROKKA_01242023:NZ_CP031384.1_96 (length 226)
data/Annotations/E_coli/NZ_CP031384/PROKKA_01242023:NZ_CP031384.1_97 (length 173)
data/Annotations/E_coli/NZ_CP031384/PROKKA_01242023:NZ_CP031384.1_98 (length 213)
data/Annotations/E_coli/NZ_CP031384/PROKKA_01242023:NZ_CP031384.1_99 (length 218)
data/Annotations/E_coli/NZ_CP031384/PROKKA_01242023:NZ_CP031384.1_100 (length 117)
data/Annotations/E_coli/NZ_CP031384/PROKKA_01242023:NZ_CP031384.1_101 (length 316)
data/Annotations/E_coli/NZ_CP031384/PROKKA_01242023:NZ_CP031384.1_102 (length 108)
data/Annotations/E_coli/NZ_CP031384/PROKKA_01242023:NZ_CP031384.1_103 (length 131)
data/Annotations/E_coli/NZ_CP031384/PROKKA_01242023:NZ_CP031384.1_104 (length 196)
data/Annotations/E_coli/NZ_CP031384/PROKKA_01242023:NZ_CP031384.1_105 (length 401)
data/Annotations/E_coli/NZ_CP031384/PROKKA_01242023:NZ_CP031384.1_106 (length 566)
data/Annotations/E_coli/NZ_CP031384/PROKKA_01242023:NZ_CP031384.1_107 (length 283)
data/Annotations/E_coli/NZ_CP031384/PROKKA_01242023:NZ_CP031384.1_108 (length 300)
data/Annotations/E_coli/NZ_CP031384/PROKKA_01242023:NZ_CP031384.1_109 (length 165)
data/Annotations/E_coli/NZ_CP031384/PROKKA_01242023:NZ_CP031384.1_110 (length 257)
data/Annotations/E_coli/NZ_CP031384/PROKKA_01242023:NZ_CP031384.1_111 (length 158)
data/Annotations/E_coli/NZ_CP031384/PROKKA_01242023:NZ_CP031384.1_112 (length 121)
data/Annotations/E_coli/NZ_CP031384/PROKKA_01242023:NZ_CP031384.1_113 (length 129)
data/Annotations/E_coli/NZ_CP031384/PROKKA_01242023:NZ_CP031384.1_114 (length 166)
data/Annotations/E_coli/NZ_CP031384/PROKKA_01242023:NZ_CP031384.1_115 (length 175)
data/Annotations/E_coli/NZ_CP031384/PROKKA_01242023:NZ_CP031384.1_116 (length 107)
data/Annotations/E_coli/NZ_CP031384/PROKKA_01242023:NZ_CP031384.1_117 (length 92)
data/Annotations/E_coli/NZ_CP031384/PROKKA_01242023:NZ_CP031384.1_118 (length 1914)
data/Annotations/E_coli/NZ_CP031384/PROKKA_01242023:NZ_CP031384.1_119 (length 109)
data/Annotations/E_coli/NZ_CP031384/PROKKA_01242023:NZ_CP031384.1_120 (length 236)
data/Annotations/E_coli/NZ_CP031384/PROKKA_01242023:NZ_CP031384.1_121 (length 252)
data/Annotations/E_coli/NZ_CP031384/PROKKA_01242023:NZ_CP031384.1_122 (length 206)
data/Annotations/E_coli/NZ_CP031384/PROKKA_01242023:NZ_CP031384.1_123 (length 3892)
data/Annotations/E_coli/NZ_CP031384/PROKKA_01242023:NZ_CP031384.1_124 (length 185)
data/Annotations/E_coli/NZ_CP031384/PROKKA_01242023:NZ_CP031384.1_125 (length 43)
data/Annotations/E_coli/NZ_CP031384/PROKKA_01242023:NZ_CP031384.1_126 (length 58)
data/Annotations/E_coli/NZ_CP031384/PROKKA_01242023:NZ_CP031384.1_127 (length 105)
data/Annotations/E_coli/NZ_CP031384/PROKKA_01242023:NZ_CP031384.1_128 (length 189)
data/Annotations/E_coli/NZ_CP031384/PROKKA_01242023:NZ_CP031384.1_129 (length 52)

DiscRep_ALL:DISC_SOURCE_QUALS_ASNDISC::strain (all present, all unique)
DiscRep_SUB:DISC_SOURCE_QUALS_ASNDISC::1 sources have unique values for strain
DiscRep_ALL:DISC_SOURCE_QUALS_ASNDISC::taxname (all present, all unique)
DiscRep_SUB:DISC_SOURCE_QUALS_ASNDISC::1 sources have unique values for taxname
DiscRep_ALL:DISC_FEATURE_COUNT::CDS: 129 present
DiscRep_ALL:DISC_COUNT_NUCLEOTIDES::1 nucleotide Bioseqs are present
data/Annotations/E_coli/NZ_CP031384/PROKKA_01242023:NZ_CP031384.1 (length 106974)

DiscRep_ALL:FEATURE_LOCATION_CONFLICT::129 features have inconsistent gene locations.
DiscRep_SUB:FEATURE_LOCATION_CONFLICT::Coding region xref gene does not exist
data/Annotations/E_coli/NZ_CP031384/PROKKA_01242023:CDS	hypothetical protein	NZ_CP031384.1:1-849	BAHOIAMM_00001

DiscRep_SUB:FEATURE_LOCATION_CONFLICT::Coding region xref gene does not exist
data/Annotations/E_coli/NZ_CP031384/PROKKA_01242023:CDS	hypothetical protein	NZ_CP031384.1:965-1705	BAHOIAMM_00002

DiscRep_SUB:FEATURE_LOCATION_CONFLICT::Coding region xref gene does not exist
data/Annotations/E_coli/NZ_CP031384/PROKKA_01242023:CDS	hypothetical protein	NZ_CP031384.1:1774-2313	BAHOIAMM_00003

DiscRep_SUB:FEATURE_LOCATION_CONFLICT::Coding region xref gene does not exist
data/Annotations/E_coli/NZ_CP031384/PROKKA_01242023:CDS	hypothetical protein	NZ_CP031384.1:2323-3720	BAHOIAMM_00004

DiscRep_SUB:FEATURE_LOCATION_CONFLICT::Coding region xref gene does not exist
data/Annotations/E_coli/NZ_CP031384/PROKKA_01242023:CDS	DNA primase	NZ_CP031384.1:3907-5019	BAHOIAMM_00005

DiscRep_SUB:FEATURE_LOCATION_CONFLICT::Coding region xref gene does not exist
data/Annotations/E_coli/NZ_CP031384/PROKKA_01242023:CDS	hypothetical protein	NZ_CP031384.1:5016-5372	BAHOIAMM_00006

DiscRep_SUB:FEATURE_LOCATION_CONFLICT::Coding region xref gene does not exist
data/Annotations/E_coli/NZ_CP031384/PROKKA_01242023:CDS	hypothetical protein	NZ_CP031384.1:5384-5899	BAHOIAMM_00007

DiscRep_SUB:FEATURE_LOCATION_CONFLICT::Coding region xref gene does not exist
data/Annotations/E_coli/NZ_CP031384/PROKKA_01242023:CDS	hypothetical protein	NZ_CP031384.1:5896-6318	BAHOIAMM_00008

DiscRep_SUB:FEATURE_LOCATION_CONFLICT::Coding region xref gene does not exist
data/Annotations/E_coli/NZ_CP031384/PROKKA_01242023:CDS	hypothetical protein	NZ_CP031384.1:6401-7000	BAHOIAMM_00009

DiscRep_SUB:FEATURE_LOCATION_CONFLICT::Coding region xref gene does not exist
data/Annotations/E_coli/NZ_CP031384/PROKKA_01242023:CDS	hypothetical protein	NZ_CP031384.1:7021-7278	BAHOIAMM_00010

DiscRep_SUB:FEATURE_LOCATION_CONFLICT::Coding region xref gene does not exist
data/Annotations/E_coli/NZ_CP031384/PROKKA_01242023:CDS	DNA ligase	NZ_CP031384.1:7307-8710	BAHOIAMM_00011

DiscRep_SUB:FEATURE_LOCATION_CONFLICT::Coding region xref gene does not exist
data/Annotations/E_coli/NZ_CP031384/PROKKA_01242023:CDS	hypothetical protein	NZ_CP031384.1:8716-9105	BAHOIAMM_00012

DiscRep_SUB:FEATURE_LOCATION_CONFLICT::Coding region xref gene does not exist
data/Annotations/E_coli/NZ_CP031384/PROKKA_01242023:CDS	Guanylate kinase	NZ_CP031384.1:9118-9744	BAHOIAMM_00013

DiscRep_SUB:FEATURE_LOCATION_CONFLICT::Coding region xref gene does not exist
data/Annotations/E_coli/NZ_CP031384/PROKKA_01242023:CDS	hypothetical protein	NZ_CP031384.1:9824-10438	BAHOIAMM_00014

DiscRep_SUB:FEATURE_LOCATION_CONFLICT::Coding region xref gene does not exist
data/Annotations/E_coli/NZ_CP031384/PROKKA_01242023:CDS	hypothetical protein	NZ_CP031384.1:10453-10857	BAHOIAMM_00015

DiscRep_SUB:FEATURE_LOCATION_CONFLICT::Coding region xref gene does not exist
data/Annotations/E_coli/NZ_CP031384/PROKKA_01242023:CDS	hypothetical protein	NZ_CP031384.1:c11459-11043	BAHOIAMM_00016

DiscRep_SUB:FEATURE_LOCATION_CONFLICT::Coding region xref gene does not exist
data/Annotations/E_coli/NZ_CP031384/PROKKA_01242023:CDS	Chromosome-partitioning ATPase Soj	NZ_CP031384.1:c12123-11446	BAHOIAMM_00017

DiscRep_SUB:FEATURE_LOCATION_CONFLICT::Coding region xref gene does not exist
data/Annotations/E_coli/NZ_CP031384/PROKKA_01242023:CDS	Tyrosine recombinase XerD	NZ_CP031384.1:c12912-12325	BAHOIAMM_00018

DiscRep_SUB:FEATURE_LOCATION_CONFLICT::Coding region xref gene does not exist
data/Annotations/E_coli/NZ_CP031384/PROKKA_01242023:CDS	hypothetical protein	NZ_CP031384.1:c13741-13277	BAHOIAMM_00019

DiscRep_SUB:FEATURE_LOCATION_CONFLICT::Coding region xref gene does not exist
data/Annotations/E_coli/NZ_CP031384/PROKKA_01242023:CDS	hypothetical protein	NZ_CP031384.1:14343-14543	BAHOIAMM_00020

DiscRep_SUB:FEATURE_LOCATION_CONFLICT::Coding region xref gene does not exist
data/Annotations/E_coli/NZ_CP031384/PROKKA_01242023:CDS	Aerobic cobaltochelatase subunit CobT	NZ_CP031384.1:14703-16760	BAHOIAMM_00021

DiscRep_SUB:FEATURE_LOCATION_CONFLICT::Coding region xref gene does not exist
data/Annotations/E_coli/NZ_CP031384/PROKKA_01242023:CDS	Aerobic cobaltochelatase subunit CobS	NZ_CP031384.1:16900-18099	BAHOIAMM_00022

DiscRep_SUB:FEATURE_LOCATION_CONFLICT::Coding region xref gene does not exist
data/Annotations/E_coli/NZ_CP031384/PROKKA_01242023:CDS	hypothetical protein	NZ_CP031384.1:18129-18812	BAHOIAMM_00023

DiscRep_SUB:FEATURE_LOCATION_CONFLICT::Coding region xref gene does not exist
data/Annotations/E_coli/NZ_CP031384/PROKKA_01242023:CDS	hypothetical protein	NZ_CP031384.1:18888-19577	BAHOIAMM_00024

DiscRep_SUB:FEATURE_LOCATION_CONFLICT::Coding region xref gene does not exist
data/Annotations/E_coli/NZ_CP031384/PROKKA_01242023:CDS	DNA polymerase III subunit alpha	NZ_CP031384.1:19609-23064	BAHOIAMM_00025

DiscRep_SUB:FEATURE_LOCATION_CONFLICT::Coding region xref gene does not exist
data/Annotations/E_coli/NZ_CP031384/PROKKA_01242023:CDS	hypothetical protein	NZ_CP031384.1:23149-24255	BAHOIAMM_00026

DiscRep_SUB:FEATURE_LOCATION_CONFLICT::Coding region xref gene does not exist
data/Annotations/E_coli/NZ_CP031384/PROKKA_01242023:CDS	hypothetical protein	NZ_CP031384.1:24406-25293	BAHOIAMM_00027

DiscRep_SUB:FEATURE_LOCATION_CONFLICT::Coding region xref gene does not exist
data/Annotations/E_coli/NZ_CP031384/PROKKA_01242023:CDS	DNA polymerase I	NZ_CP031384.1:25350-26414	BAHOIAMM_00028

DiscRep_SUB:FEATURE_LOCATION_CONFLICT::Coding region xref gene does not exist
data/Annotations/E_coli/NZ_CP031384/PROKKA_01242023:CDS	Protein RecA	NZ_CP031384.1:26425-27921	BAHOIAMM_00029

DiscRep_SUB:FEATURE_LOCATION_CONFLICT::Coding region xref gene does not exist
data/Annotations/E_coli/NZ_CP031384/PROKKA_01242023:CDS	hypothetical protein	NZ_CP031384.1:27994-28347	BAHOIAMM_00030

DiscRep_SUB:FEATURE_LOCATION_CONFLICT::Coding region xref gene does not exist
data/Annotations/E_coli/NZ_CP031384/PROKKA_01242023:CDS	hypothetical protein	NZ_CP031384.1:28344-28742	BAHOIAMM_00031

DiscRep_SUB:FEATURE_LOCATION_CONFLICT::Coding region xref gene does not exist
data/Annotations/E_coli/NZ_CP031384/PROKKA_01242023:CDS	hypothetical protein	NZ_CP031384.1:28742-29179	BAHOIAMM_00032

DiscRep_SUB:FEATURE_LOCATION_CONFLICT::Coding region xref gene does not exist
data/Annotations/E_coli/NZ_CP031384/PROKKA_01242023:CDS	hypothetical protein	NZ_CP031384.1:29176-29694	BAHOIAMM_00033

DiscRep_SUB:FEATURE_LOCATION_CONFLICT::Coding region xref gene does not exist
data/Annotations/E_coli/NZ_CP031384/PROKKA_01242023:CDS	hypothetical protein	NZ_CP031384.1:29691-30056	BAHOIAMM_00034

DiscRep_SUB:FEATURE_LOCATION_CONFLICT::Coding region xref gene does not exist
data/Annotations/E_coli/NZ_CP031384/PROKKA_01242023:CDS	hypothetical protein	NZ_CP031384.1:30091-30339	BAHOIAMM_00035

DiscRep_SUB:FEATURE_LOCATION_CONFLICT::Coding region xref gene does not exist
data/Annotations/E_coli/NZ_CP031384/PROKKA_01242023:CDS	hypothetical protein	NZ_CP031384.1:30339-30737	BAHOIAMM_00036

DiscRep_SUB:FEATURE_LOCATION_CONFLICT::Coding region xref gene does not exist
data/Annotations/E_coli/NZ_CP031384/PROKKA_01242023:CDS	hypothetical protein	NZ_CP031384.1:30799-31893	BAHOIAMM_00037

DiscRep_SUB:FEATURE_LOCATION_CONFLICT::Coding region xref gene does not exist
data/Annotations/E_coli/NZ_CP031384/PROKKA_01242023:CDS	Chromosome partition protein Smc	NZ_CP031384.1:31893-33845	BAHOIAMM_00038

DiscRep_SUB:FEATURE_LOCATION_CONFLICT::Coding region xref gene does not exist
data/Annotations/E_coli/NZ_CP031384/PROKKA_01242023:CDS	hypothetical protein	NZ_CP031384.1:33946-34578	BAHOIAMM_00039

DiscRep_SUB:FEATURE_LOCATION_CONFLICT::Coding region xref gene does not exist
data/Annotations/E_coli/NZ_CP031384/PROKKA_01242023:CDS	Crossover junction endodeoxyribonuclease RuvC	NZ_CP031384.1:34582-35175	BAHOIAMM_00040

DiscRep_SUB:FEATURE_LOCATION_CONFLICT::Coding region xref gene does not exist
data/Annotations/E_coli/NZ_CP031384/PROKKA_01242023:CDS	hypothetical protein	NZ_CP031384.1:35273-35863	BAHOIAMM_00041

DiscRep_SUB:FEATURE_LOCATION_CONFLICT::Coding region xref gene does not exist
data/Annotations/E_coli/NZ_CP031384/PROKKA_01242023:CDS	hypothetical protein	NZ_CP031384.1:35857-36177	BAHOIAMM_00042

DiscRep_SUB:FEATURE_LOCATION_CONFLICT::Coding region xref gene does not exist
data/Annotations/E_coli/NZ_CP031384/PROKKA_01242023:CDS	Ribonucleoside-diphosphate reductase 1 subunit alpha	NZ_CP031384.1:36223-38613	BAHOIAMM_00043

DiscRep_SUB:FEATURE_LOCATION_CONFLICT::Coding region xref gene does not exist
data/Annotations/E_coli/NZ_CP031384/PROKKA_01242023:CDS	Ribonucleoside-diphosphate reductase subunit beta	NZ_CP031384.1:38693-39685	BAHOIAMM_00044

DiscRep_SUB:FEATURE_LOCATION_CONFLICT::Coding region xref gene does not exist
data/Annotations/E_coli/NZ_CP031384/PROKKA_01242023:CDS	Toxin Doc	NZ_CP031384.1:c40131-39712	BAHOIAMM_00045

DiscRep_SUB:FEATURE_LOCATION_CONFLICT::Coding region xref gene does not exist
data/Annotations/E_coli/NZ_CP031384/PROKKA_01242023:CDS	hypothetical protein	NZ_CP031384.1:c40493-40131	BAHOIAMM_00046

DiscRep_SUB:FEATURE_LOCATION_CONFLICT::Coding region xref gene does not exist
data/Annotations/E_coli/NZ_CP031384/PROKKA_01242023:CDS	Thymidylate synthase ThyX	NZ_CP031384.1:40724-41584	BAHOIAMM_00047

DiscRep_SUB:FEATURE_LOCATION_CONFLICT::Coding region xref gene does not exist
data/Annotations/E_coli/NZ_CP031384/PROKKA_01242023:CDS	hypothetical protein	NZ_CP031384.1:41581-41874	BAHOIAMM_00048

DiscRep_SUB:FEATURE_LOCATION_CONFLICT::Coding region xref gene does not exist
data/Annotations/E_coli/NZ_CP031384/PROKKA_01242023:CDS	Deoxyuridine 5'-triphosphate nucleotidohydrolase	NZ_CP031384.1:41874-42332	BAHOIAMM_00049

DiscRep_SUB:FEATURE_LOCATION_CONFLICT::Coding region xref gene does not exist
data/Annotations/E_coli/NZ_CP031384/PROKKA_01242023:CDS	hypothetical protein	NZ_CP031384.1:42332-43015	BAHOIAMM_00050

DiscRep_SUB:FEATURE_LOCATION_CONFLICT::Coding region xref gene does not exist
data/Annotations/E_coli/NZ_CP031384/PROKKA_01242023:CDS	hypothetical protein	NZ_CP031384.1:43108-43311	BAHOIAMM_00051

DiscRep_SUB:FEATURE_LOCATION_CONFLICT::Coding region xref gene does not exist
data/Annotations/E_coli/NZ_CP031384/PROKKA_01242023:CDS	hypothetical protein	NZ_CP031384.1:43479-43649	BAHOIAMM_00052

DiscRep_SUB:FEATURE_LOCATION_CONFLICT::Coding region xref gene does not exist
data/Annotations/E_coli/NZ_CP031384/PROKKA_01242023:CDS	hypothetical protein	NZ_CP031384.1:43646-44041	BAHOIAMM_00053

DiscRep_SUB:FEATURE_LOCATION_CONFLICT::Coding region xref gene does not exist
data/Annotations/E_coli/NZ_CP031384/PROKKA_01242023:CDS	hypothetical protein	NZ_CP031384.1:44028-44216	BAHOIAMM_00054

DiscRep_SUB:FEATURE_LOCATION_CONFLICT::Coding region xref gene does not exist
data/Annotations/E_coli/NZ_CP031384/PROKKA_01242023:CDS	hypothetical protein	NZ_CP031384.1:44213-44521	BAHOIAMM_00055

DiscRep_SUB:FEATURE_LOCATION_CONFLICT::Coding region xref gene does not exist
data/Annotations/E_coli/NZ_CP031384/PROKKA_01242023:CDS	hypothetical protein	NZ_CP031384.1:44518-44754	BAHOIAMM_00056

DiscRep_SUB:FEATURE_LOCATION_CONFLICT::Coding region xref gene does not exist
data/Annotations/E_coli/NZ_CP031384/PROKKA_01242023:CDS	hypothetical protein	NZ_CP031384.1:44744-44947	BAHOIAMM_00057

DiscRep_SUB:FEATURE_LOCATION_CONFLICT::Coding region xref gene does not exist
data/Annotations/E_coli/NZ_CP031384/PROKKA_01242023:CDS	hypothetical protein	NZ_CP031384.1:44940-45362	BAHOIAMM_00058

DiscRep_SUB:FEATURE_LOCATION_CONFLICT::Coding region xref gene does not exist
data/Annotations/E_coli/NZ_CP031384/PROKKA_01242023:CDS	hypothetical protein	NZ_CP031384.1:45352-45450	BAHOIAMM_00059

DiscRep_SUB:FEATURE_LOCATION_CONFLICT::Coding region xref gene does not exist
data/Annotations/E_coli/NZ_CP031384/PROKKA_01242023:CDS	hypothetical protein	NZ_CP031384.1:45454-45729	BAHOIAMM_00060

DiscRep_SUB:FEATURE_LOCATION_CONFLICT::Coding region xref gene does not exist
data/Annotations/E_coli/NZ_CP031384/PROKKA_01242023:CDS	hypothetical protein	NZ_CP031384.1:45739-46104	BAHOIAMM_00061

DiscRep_SUB:FEATURE_LOCATION_CONFLICT::Coding region xref gene does not exist
data/Annotations/E_coli/NZ_CP031384/PROKKA_01242023:CDS	hypothetical protein	NZ_CP031384.1:46076-46930	BAHOIAMM_00062

DiscRep_SUB:FEATURE_LOCATION_CONFLICT::Coding region xref gene does not exist
data/Annotations/E_coli/NZ_CP031384/PROKKA_01242023:CDS	hypothetical protein	NZ_CP031384.1:47013-47504	BAHOIAMM_00063

DiscRep_SUB:FEATURE_LOCATION_CONFLICT::Coding region xref gene does not exist
data/Annotations/E_coli/NZ_CP031384/PROKKA_01242023:CDS	hypothetical protein	NZ_CP031384.1:47494-47952	BAHOIAMM_00064

DiscRep_SUB:FEATURE_LOCATION_CONFLICT::Coding region xref gene does not exist
data/Annotations/E_coli/NZ_CP031384/PROKKA_01242023:CDS	hypothetical protein	NZ_CP031384.1:47958-48296	BAHOIAMM_00065

DiscRep_SUB:FEATURE_LOCATION_CONFLICT::Coding region xref gene does not exist
data/Annotations/E_coli/NZ_CP031384/PROKKA_01242023:CDS	hypothetical protein	NZ_CP031384.1:48449-49165	BAHOIAMM_00066

DiscRep_SUB:FEATURE_LOCATION_CONFLICT::Coding region xref gene does not exist
data/Annotations/E_coli/NZ_CP031384/PROKKA_01242023:CDS	hypothetical protein	NZ_CP031384.1:49168-49401	BAHOIAMM_00067

DiscRep_SUB:FEATURE_LOCATION_CONFLICT::Coding region xref gene does not exist
data/Annotations/E_coli/NZ_CP031384/PROKKA_01242023:CDS	hypothetical protein	NZ_CP031384.1:49398-49580	BAHOIAMM_00068

DiscRep_SUB:FEATURE_LOCATION_CONFLICT::Coding region xref gene does not exist
data/Annotations/E_coli/NZ_CP031384/PROKKA_01242023:CDS	hypothetical protein	NZ_CP031384.1:49582-50403	BAHOIAMM_00069

DiscRep_SUB:FEATURE_LOCATION_CONFLICT::Coding region xref gene does not exist
data/Annotations/E_coli/NZ_CP031384/PROKKA_01242023:CDS	hypothetical protein	NZ_CP031384.1:50499-50774	BAHOIAMM_00070

DiscRep_SUB:FEATURE_LOCATION_CONFLICT::Coding region xref gene does not exist
data/Annotations/E_coli/NZ_CP031384/PROKKA_01242023:CDS	DNA polymerase III subunit epsilon	NZ_CP031384.1:50771-51304	BAHOIAMM_00071

DiscRep_SUB:FEATURE_LOCATION_CONFLICT::Coding region xref gene does not exist
data/Annotations/E_coli/NZ_CP031384/PROKKA_01242023:CDS	hypothetical protein	NZ_CP031384.1:51923-52174	BAHOIAMM_00072

DiscRep_SUB:FEATURE_LOCATION_CONFLICT::Coding region xref gene does not exist
data/Annotations/E_coli/NZ_CP031384/PROKKA_01242023:CDS	hypothetical protein	NZ_CP031384.1:52263-52973	BAHOIAMM_00073

DiscRep_SUB:FEATURE_LOCATION_CONFLICT::Coding region xref gene does not exist
data/Annotations/E_coli/NZ_CP031384/PROKKA_01242023:CDS	hypothetical protein	NZ_CP031384.1:53092-54030	BAHOIAMM_00074

DiscRep_SUB:FEATURE_LOCATION_CONFLICT::Coding region xref gene does not exist
data/Annotations/E_coli/NZ_CP031384/PROKKA_01242023:CDS	hypothetical protein	NZ_CP031384.1:54037-54423	BAHOIAMM_00075

DiscRep_SUB:FEATURE_LOCATION_CONFLICT::Coding region xref gene does not exist
data/Annotations/E_coli/NZ_CP031384/PROKKA_01242023:CDS	hypothetical protein	NZ_CP031384.1:54635-55042	BAHOIAMM_00076

DiscRep_SUB:FEATURE_LOCATION_CONFLICT::Coding region xref gene does not exist
data/Annotations/E_coli/NZ_CP031384/PROKKA_01242023:CDS	hypothetical protein	NZ_CP031384.1:55109-56311	BAHOIAMM_00077

DiscRep_SUB:FEATURE_LOCATION_CONFLICT::Coding region xref gene does not exist
data/Annotations/E_coli/NZ_CP031384/PROKKA_01242023:CDS	hypothetical protein	NZ_CP031384.1:56382-56978	BAHOIAMM_00078

DiscRep_SUB:FEATURE_LOCATION_CONFLICT::Coding region xref gene does not exist
data/Annotations/E_coli/NZ_CP031384/PROKKA_01242023:CDS	hypothetical protein	NZ_CP031384.1:56975-57511	BAHOIAMM_00079

DiscRep_SUB:FEATURE_LOCATION_CONFLICT::Coding region xref gene does not exist
data/Annotations/E_coli/NZ_CP031384/PROKKA_01242023:CDS	hypothetical protein	NZ_CP031384.1:57489-57980	BAHOIAMM_00080

DiscRep_SUB:FEATURE_LOCATION_CONFLICT::Coding region xref gene does not exist
data/Annotations/E_coli/NZ_CP031384/PROKKA_01242023:CDS	hypothetical protein	NZ_CP031384.1:57967-58056	BAHOIAMM_00081

DiscRep_SUB:FEATURE_LOCATION_CONFLICT::Coding region xref gene does not exist
data/Annotations/E_coli/NZ_CP031384/PROKKA_01242023:CDS	hypothetical protein	NZ_CP031384.1:58057-58683	BAHOIAMM_00082

DiscRep_SUB:FEATURE_LOCATION_CONFLICT::Coding region xref gene does not exist
data/Annotations/E_coli/NZ_CP031384/PROKKA_01242023:CDS	hypothetical protein	NZ_CP031384.1:58783-59160	BAHOIAMM_00083

DiscRep_SUB:FEATURE_LOCATION_CONFLICT::Coding region xref gene does not exist
data/Annotations/E_coli/NZ_CP031384/PROKKA_01242023:CDS	hypothetical protein	NZ_CP031384.1:59160-59792	BAHOIAMM_00084

DiscRep_SUB:FEATURE_LOCATION_CONFLICT::Coding region xref gene does not exist
data/Annotations/E_coli/NZ_CP031384/PROKKA_01242023:CDS	hypothetical protein	NZ_CP031384.1:59823-60164	BAHOIAMM_00085

DiscRep_SUB:FEATURE_LOCATION_CONFLICT::Coding region xref gene does not exist
data/Annotations/E_coli/NZ_CP031384/PROKKA_01242023:CDS	hypothetical protein	NZ_CP031384.1:60574-60951	BAHOIAMM_00086

DiscRep_SUB:FEATURE_LOCATION_CONFLICT::Coding region xref gene does not exist
data/Annotations/E_coli/NZ_CP031384/PROKKA_01242023:CDS	hypothetical protein	NZ_CP031384.1:61087-61629	BAHOIAMM_00087

DiscRep_SUB:FEATURE_LOCATION_CONFLICT::Coding region xref gene does not exist
data/Annotations/E_coli/NZ_CP031384/PROKKA_01242023:CDS	hypothetical protein	NZ_CP031384.1:61777-61956	BAHOIAMM_00088

DiscRep_SUB:FEATURE_LOCATION_CONFLICT::Coding region xref gene does not exist
data/Annotations/E_coli/NZ_CP031384/PROKKA_01242023:CDS	hypothetical protein	NZ_CP031384.1:63396-63770	BAHOIAMM_00089

DiscRep_SUB:FEATURE_LOCATION_CONFLICT::Coding region xref gene does not exist
data/Annotations/E_coli/NZ_CP031384/PROKKA_01242023:CDS	hypothetical protein	NZ_CP031384.1:63864-64229	BAHOIAMM_00090

DiscRep_SUB:FEATURE_LOCATION_CONFLICT::Coding region xref gene does not exist
data/Annotations/E_coli/NZ_CP031384/PROKKA_01242023:CDS	hypothetical protein	NZ_CP031384.1:64466-64963	BAHOIAMM_00091

DiscRep_SUB:FEATURE_LOCATION_CONFLICT::Coding region xref gene does not exist
data/Annotations/E_coli/NZ_CP031384/PROKKA_01242023:CDS	hypothetical protein	NZ_CP031384.1:65486-65812	BAHOIAMM_00092

DiscRep_SUB:FEATURE_LOCATION_CONFLICT::Coding region xref gene does not exist
data/Annotations/E_coli/NZ_CP031384/PROKKA_01242023:CDS	hypothetical protein	NZ_CP031384.1:66047-66748	BAHOIAMM_00093

DiscRep_SUB:FEATURE_LOCATION_CONFLICT::Coding region xref gene does not exist
data/Annotations/E_coli/NZ_CP031384/PROKKA_01242023:CDS	hypothetical protein	NZ_CP031384.1:c67520-67242	BAHOIAMM_00094

DiscRep_SUB:FEATURE_LOCATION_CONFLICT::Coding region xref gene does not exist
data/Annotations/E_coli/NZ_CP031384/PROKKA_01242023:CDS	UvrABC system protein B	NZ_CP031384.1:c69328-67613	BAHOIAMM_00095

DiscRep_SUB:FEATURE_LOCATION_CONFLICT::Coding region xref gene does not exist
data/Annotations/E_coli/NZ_CP031384/PROKKA_01242023:CDS	Nucleoid occlusion protein	NZ_CP031384.1:69359-70039	BAHOIAMM_00096

DiscRep_SUB:FEATURE_LOCATION_CONFLICT::Coding region xref gene does not exist
data/Annotations/E_coli/NZ_CP031384/PROKKA_01242023:CDS	hypothetical protein	NZ_CP031384.1:70051-70572	BAHOIAMM_00097

DiscRep_SUB:FEATURE_LOCATION_CONFLICT::Coding region xref gene does not exist
data/Annotations/E_coli/NZ_CP031384/PROKKA_01242023:CDS	Nucleoid occlusion protein	NZ_CP031384.1:70580-71221	BAHOIAMM_00098

DiscRep_SUB:FEATURE_LOCATION_CONFLICT::Coding region xref gene does not exist
data/Annotations/E_coli/NZ_CP031384/PROKKA_01242023:CDS	Methionine import ATP-binding protein MetN	NZ_CP031384.1:71218-71874	BAHOIAMM_00099

DiscRep_SUB:FEATURE_LOCATION_CONFLICT::Coding region xref gene does not exist
data/Annotations/E_coli/NZ_CP031384/PROKKA_01242023:CDS	Thioredoxin	NZ_CP031384.1:71885-72238	BAHOIAMM_00100

DiscRep_SUB:FEATURE_LOCATION_CONFLICT::Coding region xref gene does not exist
data/Annotations/E_coli/NZ_CP031384/PROKKA_01242023:CDS	hypothetical protein	NZ_CP031384.1:72282-73232	BAHOIAMM_00101

DiscRep_SUB:FEATURE_LOCATION_CONFLICT::Coding region xref gene does not exist
data/Annotations/E_coli/NZ_CP031384/PROKKA_01242023:CDS	hypothetical protein	NZ_CP031384.1:73222-73548	BAHOIAMM_00102

DiscRep_SUB:FEATURE_LOCATION_CONFLICT::Coding region xref gene does not exist
data/Annotations/E_coli/NZ_CP031384/PROKKA_01242023:CDS	hypothetical protein	NZ_CP031384.1:73651-74046	BAHOIAMM_00103

DiscRep_SUB:FEATURE_LOCATION_CONFLICT::Coding region xref gene does not exist
data/Annotations/E_coli/NZ_CP031384/PROKKA_01242023:CDS	hypothetical protein	NZ_CP031384.1:74166-74756	BAHOIAMM_00104

DiscRep_SUB:FEATURE_LOCATION_CONFLICT::Coding region xref gene does not exist
data/Annotations/E_coli/NZ_CP031384/PROKKA_01242023:CDS	hypothetical protein	NZ_CP031384.1:74798-76003	BAHOIAMM_00105

DiscRep_SUB:FEATURE_LOCATION_CONFLICT::Coding region xref gene does not exist
data/Annotations/E_coli/NZ_CP031384/PROKKA_01242023:CDS	hypothetical protein	NZ_CP031384.1:76043-77743	BAHOIAMM_00106

DiscRep_SUB:FEATURE_LOCATION_CONFLICT::Coding region xref gene does not exist
data/Annotations/E_coli/NZ_CP031384/PROKKA_01242023:CDS	hypothetical protein	NZ_CP031384.1:77793-78644	BAHOIAMM_00107

DiscRep_SUB:FEATURE_LOCATION_CONFLICT::Coding region xref gene does not exist
data/Annotations/E_coli/NZ_CP031384/PROKKA_01242023:CDS	hypothetical protein	NZ_CP031384.1:78815-79717	BAHOIAMM_00108

DiscRep_SUB:FEATURE_LOCATION_CONFLICT::Coding region xref gene does not exist
data/Annotations/E_coli/NZ_CP031384/PROKKA_01242023:CDS	hypothetical protein	NZ_CP031384.1:79840-80337	BAHOIAMM_00109

DiscRep_SUB:FEATURE_LOCATION_CONFLICT::Coding region xref gene does not exist
data/Annotations/E_coli/NZ_CP031384/PROKKA_01242023:CDS	hypothetical protein	NZ_CP031384.1:80337-81110	BAHOIAMM_00110

DiscRep_SUB:FEATURE_LOCATION_CONFLICT::Coding region xref gene does not exist
data/Annotations/E_coli/NZ_CP031384/PROKKA_01242023:CDS	hypothetical protein	NZ_CP031384.1:81110-81586	BAHOIAMM_00111

DiscRep_SUB:FEATURE_LOCATION_CONFLICT::Coding region xref gene does not exist
data/Annotations/E_coli/NZ_CP031384/PROKKA_01242023:CDS	hypothetical protein	NZ_CP031384.1:81573-81938	BAHOIAMM_00112

DiscRep_SUB:FEATURE_LOCATION_CONFLICT::Coding region xref gene does not exist
data/Annotations/E_coli/NZ_CP031384/PROKKA_01242023:CDS	hypothetical protein	NZ_CP031384.1:81916-82305	BAHOIAMM_00113

DiscRep_SUB:FEATURE_LOCATION_CONFLICT::Coding region xref gene does not exist
data/Annotations/E_coli/NZ_CP031384/PROKKA_01242023:CDS	hypothetical protein	NZ_CP031384.1:82306-82806	BAHOIAMM_00114

DiscRep_SUB:FEATURE_LOCATION_CONFLICT::Coding region xref gene does not exist
data/Annotations/E_coli/NZ_CP031384/PROKKA_01242023:CDS	hypothetical protein	NZ_CP031384.1:82876-83403	BAHOIAMM_00115

DiscRep_SUB:FEATURE_LOCATION_CONFLICT::Coding region xref gene does not exist
data/Annotations/E_coli/NZ_CP031384/PROKKA_01242023:CDS	hypothetical protein	NZ_CP031384.1:83492-83815	BAHOIAMM_00116

DiscRep_SUB:FEATURE_LOCATION_CONFLICT::Coding region xref gene does not exist
data/Annotations/E_coli/NZ_CP031384/PROKKA_01242023:CDS	hypothetical protein	NZ_CP031384.1:83872-84150	BAHOIAMM_00117

DiscRep_SUB:FEATURE_LOCATION_CONFLICT::Coding region xref gene does not exist
data/Annotations/E_coli/NZ_CP031384/PROKKA_01242023:CDS	hypothetical protein	NZ_CP031384.1:84167-89911	BAHOIAMM_00118

DiscRep_SUB:FEATURE_LOCATION_CONFLICT::Coding region xref gene does not exist
data/Annotations/E_coli/NZ_CP031384/PROKKA_01242023:CDS	hypothetical protein	NZ_CP031384.1:89948-90277	BAHOIAMM_00119

DiscRep_SUB:FEATURE_LOCATION_CONFLICT::Coding region xref gene does not exist
data/Annotations/E_coli/NZ_CP031384/PROKKA_01242023:CDS	hypothetical protein	NZ_CP031384.1:90286-90996	BAHOIAMM_00120

DiscRep_SUB:FEATURE_LOCATION_CONFLICT::Coding region xref gene does not exist
data/Annotations/E_coli/NZ_CP031384/PROKKA_01242023:CDS	Murein DD-endopeptidase MepH	NZ_CP031384.1:90983-91741	BAHOIAMM_00121

DiscRep_SUB:FEATURE_LOCATION_CONFLICT::Coding region xref gene does not exist
data/Annotations/E_coli/NZ_CP031384/PROKKA_01242023:CDS	hypothetical protein	NZ_CP031384.1:91731-92351	BAHOIAMM_00122

DiscRep_SUB:FEATURE_LOCATION_CONFLICT::Coding region xref gene does not exist
data/Annotations/E_coli/NZ_CP031384/PROKKA_01242023:CDS	Chromosome partition protein Smc	NZ_CP031384.1:92320-103998	BAHOIAMM_00123

DiscRep_SUB:FEATURE_LOCATION_CONFLICT::Coding region xref gene does not exist
data/Annotations/E_coli/NZ_CP031384/PROKKA_01242023:CDS	hypothetical protein	NZ_CP031384.1:103998-104555	BAHOIAMM_00124

DiscRep_SUB:FEATURE_LOCATION_CONFLICT::Coding region xref gene does not exist
data/Annotations/E_coli/NZ_CP031384/PROKKA_01242023:CDS	hypothetical protein	NZ_CP031384.1:104673-104804	BAHOIAMM_00125

DiscRep_SUB:FEATURE_LOCATION_CONFLICT::Coding region xref gene does not exist
data/Annotations/E_coli/NZ_CP031384/PROKKA_01242023:CDS	hypothetical protein	NZ_CP031384.1:c105031-104855	BAHOIAMM_00126

DiscRep_SUB:FEATURE_LOCATION_CONFLICT::Coding region xref gene does not exist
data/Annotations/E_coli/NZ_CP031384/PROKKA_01242023:CDS	hypothetical protein	NZ_CP031384.1:105239-105556	BAHOIAMM_00127

DiscRep_SUB:FEATURE_LOCATION_CONFLICT::Coding region xref gene does not exist
data/Annotations/E_coli/NZ_CP031384/PROKKA_01242023:CDS	hypothetical protein	NZ_CP031384.1:105556-106125	BAHOIAMM_00128

DiscRep_SUB:FEATURE_LOCATION_CONFLICT::Coding region xref gene does not exist
data/Annotations/E_coli/NZ_CP031384/PROKKA_01242023:CDS	hypothetical protein	NZ_CP031384.1:106129-106287	BAHOIAMM_00129

DiscRep_ALL:DISC_QUALITY_SCORES::Quality scores are missing on all sequences.

DiscRep_ALL:ONCALLER_COMMENT_PRESENT::1 comment descriptors were found (all same)
data/Annotations/E_coli/NZ_CP031384/PROKKA_01242023:NZ_CP031384.1:Annotated using prokka 1.12 from https://github.com/tseemann/prokka

DiscRep_ALL:SHORT_PROT_SEQUENCES::3 protein sequences are shorter than 50 aa.
data/Annotations/E_coli/NZ_CP031384/PROKKA_01242023:NZ_CP031384.1_59 (length 32)
data/Annotations/E_coli/NZ_CP031384/PROKKA_01242023:NZ_CP031384.1_81 (length 29)
data/Annotations/E_coli/NZ_CP031384/PROKKA_01242023:NZ_CP031384.1_125 (length 43)

DiscRep_ALL:MISSING_GENOMEASSEMBLY_COMMENTS::1 bioseqs are missing GenomeAssembly structured comments
data/Annotations/E_coli/NZ_CP031384/PROKKA_01242023:NZ_CP031384.1 (length 106974)

DiscRep_ALL:MOLTYPE_NOT_MRNA::1 molecule types are not set as mRNA.
data/Annotations/E_coli/NZ_CP031384/PROKKA_01242023:NZ_CP031384.1 (length 106974)

DiscRep_ALL:TECHNIQUE_NOT_TSA::1 technique are not set as TSA
data/Annotations/E_coli/NZ_CP031384/PROKKA_01242023:NZ_CP031384.1 (length 106974)

DiscRep_ALL:MISSING_STRUCTURED_COMMENT::1 sequences do not include structured comments.
data/Annotations/E_coli/NZ_CP031384/PROKKA_01242023:NZ_CP031384.1 (length 106974)

DiscRep_ALL:MISSING_PROJECT::130 sequences do not include project.
data/Annotations/E_coli/NZ_CP031384/PROKKA_01242023:NZ_CP031384.1 (length 106974)
data/Annotations/E_coli/NZ_CP031384/PROKKA_01242023:NZ_CP031384.1_1 (length 282)
data/Annotations/E_coli/NZ_CP031384/PROKKA_01242023:NZ_CP031384.1_2 (length 246)
data/Annotations/E_coli/NZ_CP031384/PROKKA_01242023:NZ_CP031384.1_3 (length 179)
data/Annotations/E_coli/NZ_CP031384/PROKKA_01242023:NZ_CP031384.1_4 (length 465)
data/Annotations/E_coli/NZ_CP031384/PROKKA_01242023:NZ_CP031384.1_5 (length 370)
data/Annotations/E_coli/NZ_CP031384/PROKKA_01242023:NZ_CP031384.1_6 (length 118)
data/Annotations/E_coli/NZ_CP031384/PROKKA_01242023:NZ_CP031384.1_7 (length 171)
data/Annotations/E_coli/NZ_CP031384/PROKKA_01242023:NZ_CP031384.1_8 (length 140)
data/Annotations/E_coli/NZ_CP031384/PROKKA_01242023:NZ_CP031384.1_9 (length 199)
data/Annotations/E_coli/NZ_CP031384/PROKKA_01242023:NZ_CP031384.1_10 (length 85)
data/Annotations/E_coli/NZ_CP031384/PROKKA_01242023:NZ_CP031384.1_11 (length 467)
data/Annotations/E_coli/NZ_CP031384/PROKKA_01242023:NZ_CP031384.1_12 (length 129)
data/Annotations/E_coli/NZ_CP031384/PROKKA_01242023:NZ_CP031384.1_13 (length 208)
data/Annotations/E_coli/NZ_CP031384/PROKKA_01242023:NZ_CP031384.1_14 (length 204)
data/Annotations/E_coli/NZ_CP031384/PROKKA_01242023:NZ_CP031384.1_15 (length 134)
data/Annotations/E_coli/NZ_CP031384/PROKKA_01242023:NZ_CP031384.1_16 (length 138)
data/Annotations/E_coli/NZ_CP031384/PROKKA_01242023:NZ_CP031384.1_17 (length 225)
data/Annotations/E_coli/NZ_CP031384/PROKKA_01242023:NZ_CP031384.1_18 (length 195)
data/Annotations/E_coli/NZ_CP031384/PROKKA_01242023:NZ_CP031384.1_19 (length 154)
data/Annotations/E_coli/NZ_CP031384/PROKKA_01242023:NZ_CP031384.1_20 (length 66)
data/Annotations/E_coli/NZ_CP031384/PROKKA_01242023:NZ_CP031384.1_21 (length 685)
data/Annotations/E_coli/NZ_CP031384/PROKKA_01242023:NZ_CP031384.1_22 (length 399)
data/Annotations/E_coli/NZ_CP031384/PROKKA_01242023:NZ_CP031384.1_23 (length 227)
data/Annotations/E_coli/NZ_CP031384/PROKKA_01242023:NZ_CP031384.1_24 (length 229)
data/Annotations/E_coli/NZ_CP031384/PROKKA_01242023:NZ_CP031384.1_25 (length 1151)
data/Annotations/E_coli/NZ_CP031384/PROKKA_01242023:NZ_CP031384.1_26 (length 368)
data/Annotations/E_coli/NZ_CP031384/PROKKA_01242023:NZ_CP031384.1_27 (length 295)
data/Annotations/E_coli/NZ_CP031384/PROKKA_01242023:NZ_CP031384.1_28 (length 354)
data/Annotations/E_coli/NZ_CP031384/PROKKA_01242023:NZ_CP031384.1_29 (length 498)
data/Annotations/E_coli/NZ_CP031384/PROKKA_01242023:NZ_CP031384.1_30 (length 117)
data/Annotations/E_coli/NZ_CP031384/PROKKA_01242023:NZ_CP031384.1_31 (length 132)
data/Annotations/E_coli/NZ_CP031384/PROKKA_01242023:NZ_CP031384.1_32 (length 145)
data/Annotations/E_coli/NZ_CP031384/PROKKA_01242023:NZ_CP031384.1_33 (length 172)
data/Annotations/E_coli/NZ_CP031384/PROKKA_01242023:NZ_CP031384.1_34 (length 121)
data/Annotations/E_coli/NZ_CP031384/PROKKA_01242023:NZ_CP031384.1_35 (length 82)
data/Annotations/E_coli/NZ_CP031384/PROKKA_01242023:NZ_CP031384.1_36 (length 132)
data/Annotations/E_coli/NZ_CP031384/PROKKA_01242023:NZ_CP031384.1_37 (length 364)
data/Annotations/E_coli/NZ_CP031384/PROKKA_01242023:NZ_CP031384.1_38 (length 650)
data/Annotations/E_coli/NZ_CP031384/PROKKA_01242023:NZ_CP031384.1_39 (length 210)
data/Annotations/E_coli/NZ_CP031384/PROKKA_01242023:NZ_CP031384.1_40 (length 197)
data/Annotations/E_coli/NZ_CP031384/PROKKA_01242023:NZ_CP031384.1_41 (length 196)
data/Annotations/E_coli/NZ_CP031384/PROKKA_01242023:NZ_CP031384.1_42 (length 106)
data/Annotations/E_coli/NZ_CP031384/PROKKA_01242023:NZ_CP031384.1_43 (length 796)
data/Annotations/E_coli/NZ_CP031384/PROKKA_01242023:NZ_CP031384.1_44 (length 330)
data/Annotations/E_coli/NZ_CP031384/PROKKA_01242023:NZ_CP031384.1_45 (length 139)
data/Annotations/E_coli/NZ_CP031384/PROKKA_01242023:NZ_CP031384.1_46 (length 120)
data/Annotations/E_coli/NZ_CP031384/PROKKA_01242023:NZ_CP031384.1_47 (length 286)
data/Annotations/E_coli/NZ_CP031384/PROKKA_01242023:NZ_CP031384.1_48 (length 97)
data/Annotations/E_coli/NZ_CP031384/PROKKA_01242023:NZ_CP031384.1_49 (length 152)
data/Annotations/E_coli/NZ_CP031384/PROKKA_01242023:NZ_CP031384.1_50 (length 227)
data/Annotations/E_coli/NZ_CP031384/PROKKA_01242023:NZ_CP031384.1_51 (length 67)
data/Annotations/E_coli/NZ_CP031384/PROKKA_01242023:NZ_CP031384.1_52 (length 56)
data/Annotations/E_coli/NZ_CP031384/PROKKA_01242023:NZ_CP031384.1_53 (length 131)
data/Annotations/E_coli/NZ_CP031384/PROKKA_01242023:NZ_CP031384.1_54 (length 62)
data/Annotations/E_coli/NZ_CP031384/PROKKA_01242023:NZ_CP031384.1_55 (length 102)
data/Annotations/E_coli/NZ_CP031384/PROKKA_01242023:NZ_CP031384.1_56 (length 78)
data/Annotations/E_coli/NZ_CP031384/PROKKA_01242023:NZ_CP031384.1_57 (length 67)
data/Annotations/E_coli/NZ_CP031384/PROKKA_01242023:NZ_CP031384.1_58 (length 140)
data/Annotations/E_coli/NZ_CP031384/PROKKA_01242023:NZ_CP031384.1_59 (length 32)
data/Annotations/E_coli/NZ_CP031384/PROKKA_01242023:NZ_CP031384.1_60 (length 91)
data/Annotations/E_coli/NZ_CP031384/PROKKA_01242023:NZ_CP031384.1_61 (length 121)
data/Annotations/E_coli/NZ_CP031384/PROKKA_01242023:NZ_CP031384.1_62 (length 284)
data/Annotations/E_coli/NZ_CP031384/PROKKA_01242023:NZ_CP031384.1_63 (length 163)
data/Annotations/E_coli/NZ_CP031384/PROKKA_01242023:NZ_CP031384.1_64 (length 152)
data/Annotations/E_coli/NZ_CP031384/PROKKA_01242023:NZ_CP031384.1_65 (length 112)
data/Annotations/E_coli/NZ_CP031384/PROKKA_01242023:NZ_CP031384.1_66 (length 238)
data/Annotations/E_coli/NZ_CP031384/PROKKA_01242023:NZ_CP031384.1_67 (length 77)
data/Annotations/E_coli/NZ_CP031384/PROKKA_01242023:NZ_CP031384.1_68 (length 60)
data/Annotations/E_coli/NZ_CP031384/PROKKA_01242023:NZ_CP031384.1_69 (length 273)
data/Annotations/E_coli/NZ_CP031384/PROKKA_01242023:NZ_CP031384.1_70 (length 91)
data/Annotations/E_coli/NZ_CP031384/PROKKA_01242023:NZ_CP031384.1_71 (length 177)
data/Annotations/E_coli/NZ_CP031384/PROKKA_01242023:NZ_CP031384.1_72 (length 83)
data/Annotations/E_coli/NZ_CP031384/PROKKA_01242023:NZ_CP031384.1_73 (length 236)
data/Annotations/E_coli/NZ_CP031384/PROKKA_01242023:NZ_CP031384.1_74 (length 312)
data/Annotations/E_coli/NZ_CP031384/PROKKA_01242023:NZ_CP031384.1_75 (length 128)
data/Annotations/E_coli/NZ_CP031384/PROKKA_01242023:NZ_CP031384.1_76 (length 135)
data/Annotations/E_coli/NZ_CP031384/PROKKA_01242023:NZ_CP031384.1_77 (length 400)
data/Annotations/E_coli/NZ_CP031384/PROKKA_01242023:NZ_CP031384.1_78 (length 198)
data/Annotations/E_coli/NZ_CP031384/PROKKA_01242023:NZ_CP031384.1_79 (length 178)
data/Annotations/E_coli/NZ_CP031384/PROKKA_01242023:NZ_CP031384.1_80 (length 163)
data/Annotations/E_coli/NZ_CP031384/PROKKA_01242023:NZ_CP031384.1_81 (length 29)
data/Annotations/E_coli/NZ_CP031384/PROKKA_01242023:NZ_CP031384.1_82 (length 208)
data/Annotations/E_coli/NZ_CP031384/PROKKA_01242023:NZ_CP031384.1_83 (length 125)
data/Annotations/E_coli/NZ_CP031384/PROKKA_01242023:NZ_CP031384.1_84 (length 210)
data/Annotations/E_coli/NZ_CP031384/PROKKA_01242023:NZ_CP031384.1_85 (length 113)
data/Annotations/E_coli/NZ_CP031384/PROKKA_01242023:NZ_CP031384.1_86 (length 125)
data/Annotations/E_coli/NZ_CP031384/PROKKA_01242023:NZ_CP031384.1_87 (length 180)
data/Annotations/E_coli/NZ_CP031384/PROKKA_01242023:NZ_CP031384.1_88 (length 59)
data/Annotations/E_coli/NZ_CP031384/PROKKA_01242023:NZ_CP031384.1_89 (length 124)
data/Annotations/E_coli/NZ_CP031384/PROKKA_01242023:NZ_CP031384.1_90 (length 121)
data/Annotations/E_coli/NZ_CP031384/PROKKA_01242023:NZ_CP031384.1_91 (length 165)
data/Annotations/E_coli/NZ_CP031384/PROKKA_01242023:NZ_CP031384.1_92 (length 108)
data/Annotations/E_coli/NZ_CP031384/PROKKA_01242023:NZ_CP031384.1_93 (length 233)
data/Annotations/E_coli/NZ_CP031384/PROKKA_01242023:NZ_CP031384.1_94 (length 92)
data/Annotations/E_coli/NZ_CP031384/PROKKA_01242023:NZ_CP031384.1_95 (length 571)
data/Annotations/E_coli/NZ_CP031384/PROKKA_01242023:NZ_CP031384.1_96 (length 226)
data/Annotations/E_coli/NZ_CP031384/PROKKA_01242023:NZ_CP031384.1_97 (length 173)
data/Annotations/E_coli/NZ_CP031384/PROKKA_01242023:NZ_CP031384.1_98 (length 213)
data/Annotations/E_coli/NZ_CP031384/PROKKA_01242023:NZ_CP031384.1_99 (length 218)
data/Annotations/E_coli/NZ_CP031384/PROKKA_01242023:NZ_CP031384.1_100 (length 117)
data/Annotations/E_coli/NZ_CP031384/PROKKA_01242023:NZ_CP031384.1_101 (length 316)
data/Annotations/E_coli/NZ_CP031384/PROKKA_01242023:NZ_CP031384.1_102 (length 108)
data/Annotations/E_coli/NZ_CP031384/PROKKA_01242023:NZ_CP031384.1_103 (length 131)
data/Annotations/E_coli/NZ_CP031384/PROKKA_01242023:NZ_CP031384.1_104 (length 196)
data/Annotations/E_coli/NZ_CP031384/PROKKA_01242023:NZ_CP031384.1_105 (length 401)
data/Annotations/E_coli/NZ_CP031384/PROKKA_01242023:NZ_CP031384.1_106 (length 566)
data/Annotations/E_coli/NZ_CP031384/PROKKA_01242023:NZ_CP031384.1_107 (length 283)
data/Annotations/E_coli/NZ_CP031384/PROKKA_01242023:NZ_CP031384.1_108 (length 300)
data/Annotations/E_coli/NZ_CP031384/PROKKA_01242023:NZ_CP031384.1_109 (length 165)
data/Annotations/E_coli/NZ_CP031384/PROKKA_01242023:NZ_CP031384.1_110 (length 257)
data/Annotations/E_coli/NZ_CP031384/PROKKA_01242023:NZ_CP031384.1_111 (length 158)
data/Annotations/E_coli/NZ_CP031384/PROKKA_01242023:NZ_CP031384.1_112 (length 121)
data/Annotations/E_coli/NZ_CP031384/PROKKA_01242023:NZ_CP031384.1_113 (length 129)
data/Annotations/E_coli/NZ_CP031384/PROKKA_01242023:NZ_CP031384.1_114 (length 166)
data/Annotations/E_coli/NZ_CP031384/PROKKA_01242023:NZ_CP031384.1_115 (length 175)
data/Annotations/E_coli/NZ_CP031384/PROKKA_01242023:NZ_CP031384.1_116 (length 107)
data/Annotations/E_coli/NZ_CP031384/PROKKA_01242023:NZ_CP031384.1_117 (length 92)
data/Annotations/E_coli/NZ_CP031384/PROKKA_01242023:NZ_CP031384.1_118 (length 1914)
data/Annotations/E_coli/NZ_CP031384/PROKKA_01242023:NZ_CP031384.1_119 (length 109)
data/Annotations/E_coli/NZ_CP031384/PROKKA_01242023:NZ_CP031384.1_120 (length 236)
data/Annotations/E_coli/NZ_CP031384/PROKKA_01242023:NZ_CP031384.1_121 (length 252)
data/Annotations/E_coli/NZ_CP031384/PROKKA_01242023:NZ_CP031384.1_122 (length 206)
data/Annotations/E_coli/NZ_CP031384/PROKKA_01242023:NZ_CP031384.1_123 (length 3892)
data/Annotations/E_coli/NZ_CP031384/PROKKA_01242023:NZ_CP031384.1_124 (length 185)
data/Annotations/E_coli/NZ_CP031384/PROKKA_01242023:NZ_CP031384.1_125 (length 43)
data/Annotations/E_coli/NZ_CP031384/PROKKA_01242023:NZ_CP031384.1_126 (length 58)
data/Annotations/E_coli/NZ_CP031384/PROKKA_01242023:NZ_CP031384.1_127 (length 105)
data/Annotations/E_coli/NZ_CP031384/PROKKA_01242023:NZ_CP031384.1_128 (length 189)
data/Annotations/E_coli/NZ_CP031384/PROKKA_01242023:NZ_CP031384.1_129 (length 52)

DiscRep_ALL:DISC_INCONSISTENT_MOLINFO_TECH::Molinfo Technique Report (some missing, all same)
DiscRep_SUB:DISC_INCONSISTENT_MOLINFO_TECH::technique (all missing)
DiscRep_SUB:DISC_INCONSISTENT_MOLINFO_TECH::1 Molinfos are missing field technique
data/Annotations/E_coli/NZ_CP031384/PROKKA_01242023:NZ_CP031384.1 (length 106974)

